<?xml version="1.0" encoding="UTF-8"?>
<coverage generated="1774121318035" clover="3.2.0">
  <project timestamp="1774121318035" name="All files">
    <metrics statements="296" coveredstatements="151" conditionals="323" coveredconditionals="128" methods="128" coveredmethods="33" elements="747" coveredelements="312" complexity="0" loc="296" ncloc="296" packages="1" files="4" classes="4"/>
    <file name="Courses.jsx" path="C:\Users\user\Desktop\Uni\crisis-chat\src\pages\Courses.jsx">
      <metrics statements="98" coveredstatements="42" conditionals="63" coveredconditionals="18" methods="41" coveredmethods="8"/>
      <line num="6" count="12" type="stmt"/>
      <line num="7" count="12" type="stmt"/>
      <line num="8" count="12" type="stmt"/>
      <line num="9" count="12" type="stmt"/>
      <line num="10" count="12" type="stmt"/>
      <line num="11" count="12" type="stmt"/>
      <line num="12" count="12" type="stmt"/>
      <line num="13" count="12" type="stmt"/>
      <line num="15" count="12" type="stmt"/>
      <line num="17" count="12" type="stmt"/>
      <line num="18" count="6" type="stmt"/>
      <line num="19" count="6" type="stmt"/>
      <line num="20" count="6" type="cond" truecount="1" falsecount="1"/>
      <line num="21" count="6" type="stmt"/>
      <line num="22" count="6" type="stmt"/>
      <line num="23" count="6" type="stmt"/>
      <line num="24" count="6" type="stmt"/>
      <line num="26" count="6" type="stmt"/>
      <line num="29" count="12" type="stmt"/>
      <line num="30" count="6" type="stmt"/>
      <line num="31" count="6" type="cond" truecount="2" falsecount="0"/>
      <line num="32" count="6" type="stmt"/>
      <line num="33" count="6" type="cond" truecount="2" falsecount="0"/>
      <line num="34" count="6" type="stmt"/>
      <line num="35" count="6" type="cond" truecount="2" falsecount="0"/>
      <line num="37" count="6" type="stmt"/>
      <line num="38" count="6" type="cond" truecount="2" falsecount="0"/>
      <line num="39" count="0" type="stmt"/>
      <line num="40" count="0" type="stmt"/>
      <line num="41" count="0" type="cond" truecount="0" falsecount="4"/>
      <line num="43" count="6" type="stmt"/>
      <line num="46" count="12" type="stmt"/>
      <line num="47" count="0" type="stmt"/>
      <line num="48" count="0" type="stmt"/>
      <line num="49" count="0" type="stmt"/>
      <line num="50" count="0" type="stmt"/>
      <line num="55" count="0" type="stmt"/>
      <line num="58" count="12" type="stmt"/>
      <line num="59" count="0" type="stmt"/>
      <line num="60" count="0" type="stmt"/>
      <line num="61" count="0" type="stmt"/>
      <line num="65" count="12" type="stmt"/>
      <line num="66" count="0" type="cond" truecount="0" falsecount="2"/>
      <line num="67" count="0" type="stmt"/>
      <line num="68" count="0" type="stmt"/>
      <line num="69" count="0" type="stmt"/>
      <line num="70" count="0" type="stmt"/>
      <line num="74" count="12" type="stmt"/>
      <line num="75" count="0" type="stmt"/>
      <line num="76" count="0" type="stmt"/>
      <line num="79" count="12" type="stmt"/>
      <line num="81" count="12" type="stmt"/>
      <line num="97" count="3" type="stmt"/>
      <line num="111" count="0" type="stmt"/>
      <line num="118" count="0" type="cond" truecount="0" falsecount="2"/>
      <line num="119" count="0" type="stmt"/>
      <line num="122" count="0" type="stmt"/>
      <line num="126" count="0" type="stmt"/>
      <line num="127" count="0" type="stmt"/>
      <line num="132" count="0" type="stmt"/>
      <line num="142" count="0" type="stmt"/>
      <line num="170" count="0" type="cond" truecount="0" falsecount="2"/>
      <line num="171" count="0" type="stmt"/>
      <line num="175" count="0" type="stmt"/>
      <line num="188" count="0" type="stmt"/>
      <line num="193" count="0" type="stmt"/>
      <line num="209" count="1" type="stmt"/>
      <line num="216" count="0" type="stmt"/>
      <line num="225" count="3" type="stmt"/>
      <line num="226" count="3" type="stmt"/>
      <line num="227" count="3" type="stmt"/>
      <line num="229" count="3" type="stmt"/>
      <line num="230" count="0" type="cond" truecount="0" falsecount="4"/>
      <line num="231" count="0" type="stmt"/>
      <line num="232" count="0" type="stmt"/>
      <line num="233" count="0" type="stmt"/>
      <line num="237" count="0" type="stmt"/>
      <line num="241" count="0" type="stmt"/>
      <line num="242" count="0" type="stmt"/>
      <line num="245" count="3" type="stmt"/>
      <line num="247" count="1" type="stmt"/>
      <line num="252" count="0" type="stmt"/>
      <line num="258" count="0" type="stmt"/>
      <line num="275" count="0" type="stmt"/>
      <line num="276" count="0" type="stmt"/>
      <line num="278" count="0" type="stmt"/>
      <line num="279" count="0" type="stmt"/>
      <line num="280" count="0" type="stmt"/>
      <line num="281" count="0" type="cond" truecount="0" falsecount="2"/>
      <line num="282" count="0" type="cond" truecount="0" falsecount="2"/>
      <line num="283" count="0" type="stmt"/>
      <line num="284" count="0" type="cond" truecount="0" falsecount="2"/>
      <line num="285" count="0" type="stmt"/>
      <line num="287" count="0" type="stmt"/>
      <line num="290" count="0" type="stmt"/>
      <line num="292" count="0" type="stmt"/>
      <line num="302" count="0" type="stmt"/>
      <line num="311" count="0" type="stmt"/>
    </file>
    <file name="Login.jsx" path="C:\Users\user\Desktop\Uni\crisis-chat\src\pages\Login.jsx">
      <metrics statements="28" coveredstatements="24" conditionals="38" coveredconditionals="32" methods="10" coveredmethods="6"/>
      <line num="6" count="46" type="stmt"/>
      <line num="7" count="46" type="stmt"/>
      <line num="8" count="46" type="stmt"/>
      <line num="9" count="46" type="stmt"/>
      <line num="10" count="46" type="stmt"/>
      <line num="11" count="46" type="stmt"/>
      <line num="12" count="46" type="stmt"/>
      <line num="14" count="46" type="stmt"/>
      <line num="15" count="7" type="stmt"/>
      <line num="16" count="7" type="stmt"/>
      <line num="18" count="7" type="cond" truecount="2" falsecount="0"/>
      <line num="19" count="2" type="stmt"/>
      <line num="23" count="2" type="cond" truecount="1" falsecount="1"/>
      <line num="24" count="2" type="stmt"/>
      <line num="26" count="5" type="stmt"/>
      <line num="27" count="4" type="cond" truecount="2" falsecount="0"/>
      <line num="28" count="2" type="stmt"/>
      <line num="30" count="6" type="stmt"/>
      <line num="33" count="46" type="stmt"/>
      <line num="79" count="138" type="stmt"/>
      <line num="133" count="0" type="cond" truecount="0" falsecount="2"/>
      <line num="134" count="0" type="stmt"/>
      <line num="142" count="6" type="stmt"/>
      <line num="154" count="107" type="stmt"/>
      <line num="155" count="107" type="stmt"/>
      <line num="163" count="16" type="stmt"/>
      <line num="166" count="0" type="stmt"/>
      <line num="167" count="0" type="stmt"/>
    </file>
    <file name="People.jsx" path="C:\Users\user\Desktop\Uni\crisis-chat\src\pages\People.jsx">
      <metrics statements="102" coveredstatements="41" conditionals="138" coveredconditionals="31" methods="46" coveredmethods="7"/>
      <line num="6" count="0" type="cond" truecount="0" falsecount="2"/>
      <line num="7" count="0" type="cond" truecount="0" falsecount="2"/>
      <line num="8" count="0" type="cond" truecount="0" falsecount="2"/>
      <line num="9" count="0" type="cond" truecount="0" falsecount="2"/>
      <line num="10" count="0" type="stmt"/>
      <line num="11" count="0" type="stmt"/>
      <line num="12" count="0" type="stmt"/>
      <line num="13" count="0" type="stmt"/>
      <line num="14" count="0" type="cond" truecount="0" falsecount="2"/>
      <line num="15" count="0" type="cond" truecount="0" falsecount="2"/>
      <line num="16" count="0" type="cond" truecount="0" falsecount="5"/>
      <line num="17" count="0" type="stmt"/>
      <line num="18" count="0" type="stmt"/>
      <line num="22" count="0" type="cond" truecount="0" falsecount="2"/>
      <line num="23" count="0" type="cond" truecount="0" falsecount="2"/>
      <line num="24" count="0" type="cond" truecount="0" falsecount="2"/>
      <line num="25" count="0" type="stmt"/>
      <line num="29" count="11" type="stmt"/>
      <line num="30" count="11" type="stmt"/>
      <line num="31" count="11" type="stmt"/>
      <line num="32" count="11" type="stmt"/>
      <line num="33" count="11" type="stmt"/>
      <line num="34" count="11" type="stmt"/>
      <line num="35" count="11" type="stmt"/>
      <line num="36" count="11" type="stmt"/>
      <line num="37" count="11" type="stmt"/>
      <line num="39" count="11" type="stmt"/>
      <line num="40" count="5" type="stmt"/>
      <line num="41" count="5" type="stmt"/>
      <line num="42" count="5" type="cond" truecount="1" falsecount="1"/>
      <line num="43" count="5" type="stmt"/>
      <line num="44" count="5" type="stmt"/>
      <line num="45" count="5" type="stmt"/>
      <line num="46" count="5" type="stmt"/>
      <line num="47" count="0" type="cond" truecount="0" falsecount="2"/>
      <line num="48" count="0" type="stmt"/>
      <line num="49" count="0" type="stmt"/>
      <line num="51" count="5" type="stmt"/>
      <line num="54" count="11" type="stmt"/>
      <line num="55" count="0" type="stmt"/>
      <line num="58" count="0" type="cond" truecount="0" falsecount="2"/>
      <line num="62" count="11" type="stmt"/>
      <line num="63" count="0" type="stmt"/>
      <line num="64" count="0" type="cond" truecount="0" falsecount="4"/>
      <line num="67" count="0" type="cond" truecount="0" falsecount="2"/>
      <line num="68" count="0" type="cond" truecount="0" falsecount="2"/>
      <line num="69" count="0" type="cond" truecount="0" falsecount="4"/>
      <line num="70" count="0" type="cond" truecount="0" falsecount="4"/>
      <line num="71" count="0" type="stmt"/>
      <line num="74" count="11" type="stmt"/>
      <line num="75" count="0" type="stmt"/>
      <line num="76" count="0" type="cond" truecount="0" falsecount="4"/>
      <line num="81" count="11" type="stmt"/>
      <line num="82" count="0" type="stmt"/>
      <line num="83" count="0" type="stmt"/>
      <line num="84" count="0" type="stmt"/>
      <line num="85" count="0" type="stmt"/>
      <line num="88" count="11" type="stmt"/>
      <line num="89" count="0" type="stmt"/>
      <line num="90" count="0" type="stmt"/>
      <line num="91" count="0" type="stmt"/>
      <line num="94" count="11" type="stmt"/>
      <line num="95" count="0" type="stmt"/>
      <line num="96" count="0" type="stmt"/>
      <line num="97" count="0" type="stmt"/>
      <line num="101" count="11" type="stmt"/>
      <line num="102" count="11" type="cond" truecount="2" falsecount="0"/>
      <line num="103" count="1" type="stmt"/>
      <line num="104" count="1" type="stmt"/>
      <line num="105" count="0" type="cond" truecount="0" falsecount="5"/>
      <line num="107" count="0" type="cond" truecount="0" falsecount="2"/>
      <line num="110" count="11" type="cond" truecount="1" falsecount="1"/>
      <line num="111" count="11" type="cond" truecount="2" falsecount="0"/>
      <line num="112" count="11" type="cond" truecount="1" falsecount="1"/>
      <line num="113" count="11" type="cond" truecount="1" falsecount="1"/>
      <line num="114" count="11" type="cond" truecount="1" falsecount="5"/>
      <line num="116" count="11" type="cond" truecount="4" falsecount="0"/>
      <line num="117" count="11" type="cond" truecount="0" falsecount="2"/>
      <line num="118" count="11" type="stmt"/>
      <line num="120" count="11" type="stmt"/>
      <line num="145" count="0" type="stmt"/>
      <line num="155" count="1" type="stmt"/>
      <line num="160" count="0" type="stmt"/>
      <line num="161" count="0" type="stmt"/>
      <line num="162" count="1" type="stmt"/>
      <line num="163" count="0" type="stmt"/>
      <line num="167" count="0" type="stmt"/>
      <line num="168" count="0" type="stmt"/>
      <line num="175" count="12" type="stmt"/>
      <line num="195" count="0" type="stmt"/>
      <line num="196" count="0" type="stmt"/>
      <line num="197" count="0" type="stmt"/>
      <line num="232" count="0" type="stmt"/>
      <line num="239" count="0" type="stmt"/>
      <line num="247" count="0" type="stmt"/>
      <line num="254" count="0" type="stmt"/>
      <line num="261" count="0" type="stmt"/>
      <line num="269" count="0" type="stmt"/>
      <line num="274" count="0" type="stmt"/>
      <line num="282" count="0" type="stmt"/>
      <line num="288" count="0" type="stmt"/>
      <line num="305" count="66" type="stmt"/>
    </file>
    <file name="Profile.jsx" path="C:\Users\user\Desktop\Uni\crisis-chat\src\pages\Profile.jsx">
      <metrics statements="68" coveredstatements="44" conditionals="84" coveredconditionals="47" methods="31" coveredmethods="12"/>
      <line num="6" count="25" type="stmt"/>
      <line num="7" count="25" type="stmt"/>
      <line num="8" count="25" type="stmt"/>
      <line num="9" count="25" type="stmt"/>
      <line num="10" count="25" type="stmt"/>
      <line num="11" count="25" type="stmt"/>
      <line num="15" count="25" type="stmt"/>
      <line num="17" count="25" type="stmt"/>
      <line num="18" count="12" type="stmt"/>
      <line num="19" count="12" type="stmt"/>
      <line num="20" count="12" type="cond" truecount="1" falsecount="1"/>
      <line num="21" count="12" type="stmt"/>
      <line num="23" count="12" type="stmt"/>
      <line num="25" count="12" type="stmt"/>
      <line num="26" count="12" type="stmt"/>
      <line num="37" count="12" type="stmt"/>
      <line num="42" count="12" type="cond" truecount="2" falsecount="2"/>
      <line num="43" count="12" type="cond" truecount="1" falsecount="1"/>
      <line num="44" count="0" type="stmt"/>
      <line num="45" count="0" type="cond" truecount="0" falsecount="2"/>
      <line num="47" count="12" type="stmt"/>
      <line num="51" count="12" type="stmt"/>
      <line num="53" count="12" type="cond" truecount="2" falsecount="1"/>
      <line num="55" count="12" type="stmt"/>
      <line num="58" count="25" type="stmt"/>
      <line num="59" count="1" type="stmt"/>
      <line num="65" count="1" type="stmt"/>
      <line num="70" count="1" type="stmt"/>
      <line num="71" count="1" type="stmt"/>
      <line num="74" count="25" type="stmt"/>
      <line num="75" count="0" type="cond" truecount="0" falsecount="4"/>
      <line num="76" count="0" type="stmt"/>
      <line num="80" count="25" type="stmt"/>
      <line num="81" count="0" type="stmt"/>
      <line num="84" count="25" type="stmt"/>
      <line num="85" count="0" type="cond" truecount="0" falsecount="4"/>
      <line num="86" count="0" type="stmt"/>
      <line num="90" count="25" type="stmt"/>
      <line num="91" count="0" type="stmt"/>
      <line num="94" count="25" type="cond" truecount="2" falsecount="0"/>
      <line num="95" count="5" type="stmt"/>
      <line num="110" count="0" type="stmt"/>
      <line num="122" count="0" type="stmt"/>
      <line num="133" count="0" type="stmt"/>
      <line num="145" count="0" type="stmt"/>
      <line num="161" count="15" type="stmt"/>
      <line num="162" count="0" type="stmt"/>
      <line num="179" count="10" type="stmt"/>
      <line num="185" count="0" type="stmt"/>
      <line num="195" count="0" type="cond" truecount="0" falsecount="2"/>
      <line num="196" count="0" type="stmt"/>
      <line num="197" count="0" type="stmt"/>
      <line num="207" count="10" type="stmt"/>
      <line num="213" count="0" type="stmt"/>
      <line num="223" count="0" type="cond" truecount="0" falsecount="2"/>
      <line num="224" count="0" type="stmt"/>
      <line num="225" count="0" type="stmt"/>
      <line num="233" count="1" type="stmt"/>
      <line num="254" count="20" type="stmt"/>
      <line num="328" count="16" type="stmt"/>
      <line num="341" count="16" type="stmt"/>
      <line num="360" count="5" type="stmt"/>
      <line num="393" count="0" type="stmt"/>
      <line num="401" count="0" type="stmt"/>
      <line num="409" count="0" type="stmt"/>
      <line num="433" count="32" type="stmt"/>
      <line num="440" count="32" type="cond" truecount="1" falsecount="1"/>
      <line num="442" count="32" type="stmt"/>
    </file>
  </project>
</coverage>
