{"C:\\Users\\user\\Desktop\\Uni\\crisis-chat\\src\\pages\\Courses.jsx": {"path":"C:\\Users\\user\\Desktop\\Uni\\crisis-chat\\src\\pages\\Courses.jsx","statementMap":{"0":{"start":{"line":6,"column":44},"end":{"line":6,"column":58}},"1":{"start":{"line":7,"column":44},"end":{"line":7,"column":58}},"2":{"start":{"line":8,"column":44},"end":{"line":8,"column":56}},"3":{"start":{"line":9,"column":44},"end":{"line":9,"column":56}},"4":{"start":{"line":10,"column":44},"end":{"line":10,"column":56}},"5":{"start":{"line":11,"column":44},"end":{"line":11,"column":59}},"6":{"start":{"line":12,"column":44},"end":{"line":12,"column":58}},"7":{"start":{"line":13,"column":19},"end":{"line":13,"column":32}},"8":{"start":{"line":15,"column":18},"end":{"line":15,"column":48}},"9":{"start":{"line":17,"column":2},"end":{"line":27,"column":8}},"10":{"start":{"line":18,"column":17},"end":{"line":25,"column":5}},"11":{"start":{"line":19,"column":33},"end":{"line":19,"column":62}},"12":{"start":{"line":20,"column":6},"end":{"line":20,"column":37}},"13":{"start":{"line":20,"column":17},"end":{"line":20,"column":37}},"14":{"start":{"line":21,"column":6},"end":{"line":21,"column":19}},"15":{"start":{"line":22,"column":29},"end":{"line":22,"column":99}},"16":{"start":{"line":23,"column":6},"end":{"line":23,"column":22}},"17":{"start":{"line":24,"column":6},"end":{"line":24,"column":26}},"18":{"start":{"line":26,"column":4},"end":{"line":26,"column":10}},"19":{"start":{"line":29,"column":22},"end":{"line":44,"column":3}},"20":{"start":{"line":30,"column":34},"end":{"line":30,"column":113}},"21":{"start":{"line":31,"column":24},"end":{"line":31,"column":66}},"22":{"start":{"line":31,"column":46},"end":{"line":31,"column":59}},"23":{"start":{"line":32,"column":30},"end":{"line":32,"column":109}},"24":{"start":{"line":33,"column":4},"end":{"line":33,"column":31}},"25":{"start":{"line":34,"column":37},"end":{"line":34,"column":85}},"26":{"start":{"line":35,"column":4},"end":{"line":35,"column":39}},"27":{"start":{"line":37,"column":18},"end":{"line":37,"column":20}},"28":{"start":{"line":38,"column":4},"end":{"line":42,"column":5}},"29":{"start":{"line":39,"column":28},"end":{"line":39,"column":114}},"30":{"start":{"line":40,"column":29},"end":{"line":40,"column":118}},"31":{"start":{"line":41,"column":6},"end":{"line":41,"column":93}},"32":{"start":{"line":43,"column":4},"end":{"line":43,"column":25}},"33":{"start":{"line":46,"column":25},"end":{"line":56,"column":3}},"34":{"start":{"line":47,"column":31},"end":{"line":47,"column":60}},"35":{"start":{"line":48,"column":4},"end":{"line":48,"column":93}},"36":{"start":{"line":49,"column":19},"end":{"line":49,"column":69}},"37":{"start":{"line":49,"column":40},"end":{"line":49,"column":68}},"38":{"start":{"line":50,"column":4},"end":{"line":54,"column":6}},"39":{"start":{"line":55,"column":4},"end":{"line":55,"column":24}},"40":{"start":{"line":58,"column":29},"end":{"line":62,"column":3}},"41":{"start":{"line":59,"column":31},"end":{"line":59,"column":60}},"42":{"start":{"line":60,"column":4},"end":{"line":60,"column":101}},"43":{"start":{"line":61,"column":4},"end":{"line":61,"column":24}},"44":{"start":{"line":65,"column":23},"end":{"line":71,"column":3}},"45":{"start":{"line":66,"column":4},"end":{"line":66,"column":90}},"46":{"start":{"line":66,"column":84},"end":{"line":66,"column":90}},"47":{"start":{"line":67,"column":4},"end":{"line":67,"column":78}},"48":{"start":{"line":68,"column":4},"end":{"line":68,"column":81}},"49":{"start":{"line":69,"column":4},"end":{"line":69,"column":79}},"50":{"start":{"line":70,"column":4},"end":{"line":70,"column":24}},"51":{"start":{"line":74,"column":31},"end":{"line":77,"column":3}},"52":{"start":{"line":75,"column":4},"end":{"line":75,"column":100}},"53":{"start":{"line":76,"column":4},"end":{"line":76,"column":24}},"54":{"start":{"line":79,"column":27},"end":{"line":79,"column":106}},"55":{"start":{"line":79,"column":50},"end":{"line":79,"column":105}},"56":{"start":{"line":79,"column":72},"end":{"line":79,"column":104}},"57":{"start":{"line":81,"column":2},"end":{"line":221,"column":3}},"58":{"start":{"line":97,"column":35},"end":{"line":97,"column":57}},"59":{"start":{"line":111,"column":35},"end":{"line":111,"column":57}},"60":{"start":{"line":118,"column":28},"end":{"line":118,"column":91}},"61":{"start":{"line":119,"column":14},"end":{"line":159,"column":15}},"62":{"start":{"line":122,"column":36},"end":{"line":122,"column":77}},"63":{"start":{"line":126,"column":130},"end":{"line":126,"column":149}},"64":{"start":{"line":127,"column":45},"end":{"line":127,"column":79}},"65":{"start":{"line":132,"column":45},"end":{"line":132,"column":77}},"66":{"start":{"line":142,"column":44},"end":{"line":142,"column":64}},"67":{"start":{"line":142,"column":65},"end":{"line":142,"column":103}},"68":{"start":{"line":170,"column":30},"end":{"line":170,"column":93}},"69":{"start":{"line":171,"column":16},"end":{"line":200,"column":17}},"70":{"start":{"line":175,"column":45},"end":{"line":175,"column":77}},"71":{"start":{"line":188,"column":45},"end":{"line":188,"column":79}},"72":{"start":{"line":193,"column":45},"end":{"line":193,"column":86}},"73":{"start":{"line":209,"column":39},"end":{"line":209,"column":62}},"74":{"start":{"line":209,"column":79},"end":{"line":209,"column":103}},"75":{"start":{"line":209,"column":104},"end":{"line":209,"column":124}},"76":{"start":{"line":216,"column":25},"end":{"line":216,"column":45}},"77":{"start":{"line":225,"column":38},"end":{"line":225,"column":50}},"78":{"start":{"line":226,"column":38},"end":{"line":226,"column":50}},"79":{"start":{"line":227,"column":32},"end":{"line":227,"column":47}},"80":{"start":{"line":229,"column":26},"end":{"line":243,"column":3}},"81":{"start":{"line":230,"column":4},"end":{"line":230,"column":56}},"82":{"start":{"line":230,"column":50},"end":{"line":230,"column":56}},"83":{"start":{"line":231,"column":4},"end":{"line":231,"column":20}},"84":{"start":{"line":232,"column":31},"end":{"line":232,"column":60}},"85":{"start":{"line":233,"column":4},"end":{"line":236,"column":37}},"86":{"start":{"line":237,"column":4},"end":{"line":240,"column":45}},"87":{"start":{"line":241,"column":4},"end":{"line":241,"column":21}},"88":{"start":{"line":242,"column":4},"end":{"line":242,"column":11}},"89":{"start":{"line":245,"column":2},"end":{"line":271,"column":3}},"90":{"start":{"line":247,"column":107},"end":{"line":247,"column":126}},"91":{"start":{"line":252,"column":53},"end":{"line":252,"column":82}},"92":{"start":{"line":258,"column":53},"end":{"line":258,"column":82}},"93":{"start":{"line":275,"column":32},"end":{"line":275,"column":44}},"94":{"start":{"line":276,"column":32},"end":{"line":276,"column":46}},"95":{"start":{"line":278,"column":2},"end":{"line":288,"column":18}},"96":{"start":{"line":279,"column":17},"end":{"line":286,"column":5}},"97":{"start":{"line":280,"column":36},"end":{"line":280,"column":119}},"98":{"start":{"line":281,"column":18},"end":{"line":281,"column":56}},"99":{"start":{"line":281,"column":40},"end":{"line":281,"column":49}},"100":{"start":{"line":282,"column":6},"end":{"line":282,"column":68}},"101":{"start":{"line":282,"column":25},"end":{"line":282,"column":40}},"102":{"start":{"line":282,"column":41},"end":{"line":282,"column":59}},"103":{"start":{"line":282,"column":60},"end":{"line":282,"column":66}},"104":{"start":{"line":283,"column":33},"end":{"line":283,"column":90}},"105":{"start":{"line":284,"column":6},"end":{"line":284,"column":32}},"106":{"start":{"line":285,"column":6},"end":{"line":285,"column":23}},"107":{"start":{"line":287,"column":4},"end":{"line":287,"column":10}},"108":{"start":{"line":290,"column":2},"end":{"line":323,"column":3}},"109":{"start":{"line":292,"column":107},"end":{"line":292,"column":126}},"110":{"start":{"line":302,"column":14},"end":{"line":316,"column":20}},"111":{"start":{"line":311,"column":47},"end":{"line":311,"column":80}},"112":{"start":{"line":311,"column":81},"end":{"line":311,"column":132}},"113":{"start":{"line":311,"column":100},"end":{"line":311,"column":131}},"114":{"start":{"line":311,"column":117},"end":{"line":311,"column":130}}},"fnMap":{"0":{"name":"Courses","decl":{"start":{"line":5,"column":24},"end":{"line":5,"column":31}},"loc":{"start":{"line":5,"column":34},"end":{"line":222,"column":1}},"line":5},"1":{"name":"(anonymous_1)","decl":{"start":{"line":17,"column":12},"end":{"line":17,"column":13}},"loc":{"start":{"line":17,"column":18},"end":{"line":27,"column":3}},"line":17},"2":{"name":"(anonymous_2)","decl":{"start":{"line":18,"column":17},"end":{"line":18,"column":18}},"loc":{"start":{"line":18,"column":29},"end":{"line":25,"column":5}},"line":18},"3":{"name":"(anonymous_3)","decl":{"start":{"line":29,"column":22},"end":{"line":29,"column":23}},"loc":{"start":{"line":29,"column":40},"end":{"line":44,"column":3}},"line":29},"4":{"name":"(anonymous_4)","decl":{"start":{"line":31,"column":41},"end":{"line":31,"column":42}},"loc":{"start":{"line":31,"column":46},"end":{"line":31,"column":59}},"line":31},"5":{"name":"(anonymous_5)","decl":{"start":{"line":46,"column":25},"end":{"line":46,"column":26}},"loc":{"start":{"line":46,"column":47},"end":{"line":56,"column":3}},"line":46},"6":{"name":"(anonymous_6)","decl":{"start":{"line":49,"column":35},"end":{"line":49,"column":36}},"loc":{"start":{"line":49,"column":40},"end":{"line":49,"column":68}},"line":49},"7":{"name":"(anonymous_7)","decl":{"start":{"line":58,"column":29},"end":{"line":58,"column":30}},"loc":{"start":{"line":58,"column":51},"end":{"line":62,"column":3}},"line":58},"8":{"name":"(anonymous_8)","decl":{"start":{"line":65,"column":23},"end":{"line":65,"column":24}},"loc":{"start":{"line":65,"column":45},"end":{"line":71,"column":3}},"line":65},"9":{"name":"(anonymous_9)","decl":{"start":{"line":74,"column":31},"end":{"line":74,"column":32}},"loc":{"start":{"line":74,"column":61},"end":{"line":77,"column":3}},"line":74},"10":{"name":"(anonymous_10)","decl":{"start":{"line":79,"column":45},"end":{"line":79,"column":46}},"loc":{"start":{"line":79,"column":50},"end":{"line":79,"column":105}},"line":79},"11":{"name":"(anonymous_11)","decl":{"start":{"line":79,"column":66},"end":{"line":79,"column":67}},"loc":{"start":{"line":79,"column":72},"end":{"line":79,"column":104}},"line":79},"12":{"name":"(anonymous_12)","decl":{"start":{"line":97,"column":29},"end":{"line":97,"column":30}},"loc":{"start":{"line":97,"column":35},"end":{"line":97,"column":57}},"line":97},"13":{"name":"(anonymous_13)","decl":{"start":{"line":111,"column":29},"end":{"line":111,"column":30}},"loc":{"start":{"line":111,"column":35},"end":{"line":111,"column":57}},"line":111},"14":{"name":"(anonymous_14)","decl":{"start":{"line":117,"column":27},"end":{"line":117,"column":28}},"loc":{"start":{"line":117,"column":37},"end":{"line":160,"column":13}},"line":117},"15":{"name":"(anonymous_15)","decl":{"start":{"line":122,"column":30},"end":{"line":122,"column":31}},"loc":{"start":{"line":122,"column":36},"end":{"line":122,"column":77}},"line":122},"16":{"name":"(anonymous_16)","decl":{"start":{"line":126,"column":125},"end":{"line":126,"column":126}},"loc":{"start":{"line":126,"column":130},"end":{"line":126,"column":149}},"line":126},"17":{"name":"(anonymous_17)","decl":{"start":{"line":127,"column":39},"end":{"line":127,"column":40}},"loc":{"start":{"line":127,"column":45},"end":{"line":127,"column":79}},"line":127},"18":{"name":"(anonymous_18)","decl":{"start":{"line":132,"column":39},"end":{"line":132,"column":40}},"loc":{"start":{"line":132,"column":45},"end":{"line":132,"column":77}},"line":132},"19":{"name":"(anonymous_19)","decl":{"start":{"line":142,"column":37},"end":{"line":142,"column":38}},"loc":{"start":{"line":142,"column":42},"end":{"line":142,"column":105}},"line":142},"20":{"name":"(anonymous_20)","decl":{"start":{"line":169,"column":36},"end":{"line":169,"column":37}},"loc":{"start":{"line":169,"column":46},"end":{"line":201,"column":15}},"line":169},"21":{"name":"(anonymous_21)","decl":{"start":{"line":175,"column":39},"end":{"line":175,"column":40}},"loc":{"start":{"line":175,"column":45},"end":{"line":175,"column":77}},"line":175},"22":{"name":"(anonymous_22)","decl":{"start":{"line":188,"column":39},"end":{"line":188,"column":40}},"loc":{"start":{"line":188,"column":45},"end":{"line":188,"column":79}},"line":188},"23":{"name":"(anonymous_23)","decl":{"start":{"line":193,"column":39},"end":{"line":193,"column":40}},"loc":{"start":{"line":193,"column":45},"end":{"line":193,"column":86}},"line":193},"24":{"name":"(anonymous_24)","decl":{"start":{"line":209,"column":33},"end":{"line":209,"column":34}},"loc":{"start":{"line":209,"column":39},"end":{"line":209,"column":62}},"line":209},"25":{"name":"(anonymous_25)","decl":{"start":{"line":209,"column":71},"end":{"line":209,"column":72}},"loc":{"start":{"line":209,"column":77},"end":{"line":209,"column":126}},"line":209},"26":{"name":"(anonymous_26)","decl":{"start":{"line":216,"column":19},"end":{"line":216,"column":20}},"loc":{"start":{"line":216,"column":25},"end":{"line":216,"column":45}},"line":216},"27":{"name":"AddCourseModal","decl":{"start":{"line":224,"column":9},"end":{"line":224,"column":23}},"loc":{"start":{"line":224,"column":44},"end":{"line":272,"column":1}},"line":224},"28":{"name":"(anonymous_28)","decl":{"start":{"line":229,"column":26},"end":{"line":229,"column":27}},"loc":{"start":{"line":229,"column":38},"end":{"line":243,"column":3}},"line":229},"29":{"name":"(anonymous_29)","decl":{"start":{"line":247,"column":102},"end":{"line":247,"column":103}},"loc":{"start":{"line":247,"column":107},"end":{"line":247,"column":126}},"line":247},"30":{"name":"(anonymous_30)","decl":{"start":{"line":252,"column":48},"end":{"line":252,"column":49}},"loc":{"start":{"line":252,"column":53},"end":{"line":252,"column":82}},"line":252},"31":{"name":"(anonymous_31)","decl":{"start":{"line":258,"column":48},"end":{"line":258,"column":49}},"loc":{"start":{"line":258,"column":53},"end":{"line":258,"column":82}},"line":258},"32":{"name":"MembersModal","decl":{"start":{"line":274,"column":9},"end":{"line":274,"column":21}},"loc":{"start":{"line":274,"column":57},"end":{"line":324,"column":1}},"line":274},"33":{"name":"(anonymous_33)","decl":{"start":{"line":278,"column":12},"end":{"line":278,"column":13}},"loc":{"start":{"line":278,"column":18},"end":{"line":288,"column":3}},"line":278},"34":{"name":"(anonymous_34)","decl":{"start":{"line":279,"column":17},"end":{"line":279,"column":18}},"loc":{"start":{"line":279,"column":29},"end":{"line":286,"column":5}},"line":279},"35":{"name":"(anonymous_35)","decl":{"start":{"line":281,"column":35},"end":{"line":281,"column":36}},"loc":{"start":{"line":281,"column":40},"end":{"line":281,"column":49}},"line":281},"36":{"name":"(anonymous_36)","decl":{"start":{"line":292,"column":102},"end":{"line":292,"column":103}},"loc":{"start":{"line":292,"column":107},"end":{"line":292,"column":126}},"line":292},"37":{"name":"(anonymous_37)","decl":{"start":{"line":301,"column":25},"end":{"line":301,"column":26}},"loc":{"start":{"line":302,"column":14},"end":{"line":316,"column":20}},"line":302},"38":{"name":"(anonymous_38)","decl":{"start":{"line":311,"column":33},"end":{"line":311,"column":34}},"loc":{"start":{"line":311,"column":45},"end":{"line":311,"column":134}},"line":311},"39":{"name":"(anonymous_39)","decl":{"start":{"line":311,"column":92},"end":{"line":311,"column":93}},"loc":{"start":{"line":311,"column":100},"end":{"line":311,"column":131}},"line":311},"40":{"name":"(anonymous_40)","decl":{"start":{"line":311,"column":112},"end":{"line":311,"column":113}},"loc":{"start":{"line":311,"column":117},"end":{"line":311,"column":130}},"line":311}},"branchMap":{"0":{"loc":{"start":{"line":20,"column":6},"end":{"line":20,"column":37}},"type":"if","locations":[{"start":{"line":20,"column":6},"end":{"line":20,"column":37}},{"start":{},"end":{}}],"line":20},"1":{"loc":{"start":{"line":31,"column":24},"end":{"line":31,"column":66}},"type":"binary-expr","locations":[{"start":{"line":31,"column":24},"end":{"line":31,"column":60}},{"start":{"line":31,"column":64},"end":{"line":31,"column":66}}],"line":31},"2":{"loc":{"start":{"line":33,"column":17},"end":{"line":33,"column":30}},"type":"binary-expr","locations":[{"start":{"line":33,"column":17},"end":{"line":33,"column":24}},{"start":{"line":33,"column":28},"end":{"line":33,"column":30}}],"line":33},"3":{"loc":{"start":{"line":35,"column":18},"end":{"line":35,"column":38}},"type":"binary-expr","locations":[{"start":{"line":35,"column":18},"end":{"line":35,"column":32}},{"start":{"line":35,"column":36},"end":{"line":35,"column":38}}],"line":35},"4":{"loc":{"start":{"line":38,"column":26},"end":{"line":38,"column":46}},"type":"binary-expr","locations":[{"start":{"line":38,"column":26},"end":{"line":38,"column":40}},{"start":{"line":38,"column":44},"end":{"line":38,"column":46}}],"line":38},"5":{"loc":{"start":{"line":41,"column":46},"end":{"line":41,"column":62}},"type":"binary-expr","locations":[{"start":{"line":41,"column":46},"end":{"line":41,"column":57}},{"start":{"line":41,"column":61},"end":{"line":41,"column":62}}],"line":41},"6":{"loc":{"start":{"line":41,"column":74},"end":{"line":41,"column":91}},"type":"binary-expr","locations":[{"start":{"line":41,"column":74},"end":{"line":41,"column":86}},{"start":{"line":41,"column":90},"end":{"line":41,"column":91}}],"line":41},"7":{"loc":{"start":{"line":52,"column":25},"end":{"line":52,"column":58}},"type":"binary-expr","locations":[{"start":{"line":52,"column":25},"end":{"line":52,"column":44}},{"start":{"line":52,"column":48},"end":{"line":52,"column":58}}],"line":52},"8":{"loc":{"start":{"line":66,"column":4},"end":{"line":66,"column":90}},"type":"if","locations":[{"start":{"line":66,"column":4},"end":{"line":66,"column":90}},{"start":{},"end":{}}],"line":66},"9":{"loc":{"start":{"line":92,"column":13},"end":{"line":96,"column":13}},"type":"binary-expr","locations":[{"start":{"line":92,"column":13},"end":{"line":92,"column":20}},{"start":{"line":93,"column":14},"end":{"line":95,"column":21}}],"line":92},"10":{"loc":{"start":{"line":106,"column":9},"end":{"line":162,"column":9}},"type":"cond-expr","locations":[{"start":{"line":107,"column":10},"end":{"line":114,"column":16}},{"start":{"line":116,"column":10},"end":{"line":161,"column":16}}],"line":106},"11":{"loc":{"start":{"line":118,"column":28},"end":{"line":118,"column":91}},"type":"binary-expr","locations":[{"start":{"line":118,"column":28},"end":{"line":118,"column":59}},{"start":{"line":118,"column":63},"end":{"line":118,"column":91}}],"line":118},"12":{"loc":{"start":{"line":125,"column":19},"end":{"line":138,"column":19}},"type":"binary-expr","locations":[{"start":{"line":125,"column":19},"end":{"line":125,"column":26}},{"start":{"line":126,"column":20},"end":{"line":137,"column":26}}],"line":125},"13":{"loc":{"start":{"line":141,"column":19},"end":{"line":147,"column":19}},"type":"binary-expr","locations":[{"start":{"line":141,"column":19},"end":{"line":141,"column":27}},{"start":{"line":142,"column":20},"end":{"line":146,"column":29}}],"line":141},"14":{"loc":{"start":{"line":165,"column":9},"end":{"line":204,"column":9}},"type":"binary-expr","locations":[{"start":{"line":165,"column":9},"end":{"line":165,"column":36}},{"start":{"line":166,"column":10},"end":{"line":203,"column":13}}],"line":165},"15":{"loc":{"start":{"line":170,"column":30},"end":{"line":170,"column":93}},"type":"binary-expr","locations":[{"start":{"line":170,"column":30},"end":{"line":170,"column":61}},{"start":{"line":170,"column":65},"end":{"line":170,"column":93}}],"line":170},"16":{"loc":{"start":{"line":174,"column":21},"end":{"line":180,"column":21}},"type":"binary-expr","locations":[{"start":{"line":174,"column":21},"end":{"line":174,"column":28}},{"start":{"line":175,"column":22},"end":{"line":179,"column":31}}],"line":174},"17":{"loc":{"start":{"line":208,"column":7},"end":{"line":210,"column":7}},"type":"binary-expr","locations":[{"start":{"line":208,"column":7},"end":{"line":208,"column":20}},{"start":{"line":209,"column":8},"end":{"line":209,"column":130}}],"line":208},"18":{"loc":{"start":{"line":213,"column":7},"end":{"line":219,"column":7}},"type":"binary-expr","locations":[{"start":{"line":213,"column":7},"end":{"line":213,"column":18}},{"start":{"line":214,"column":8},"end":{"line":218,"column":10}}],"line":213},"19":{"loc":{"start":{"line":230,"column":4},"end":{"line":230,"column":56}},"type":"if","locations":[{"start":{"line":230,"column":4},"end":{"line":230,"column":56}},{"start":{},"end":{}}],"line":230},"20":{"loc":{"start":{"line":230,"column":8},"end":{"line":230,"column":48}},"type":"binary-expr","locations":[{"start":{"line":230,"column":8},"end":{"line":230,"column":26}},{"start":{"line":230,"column":30},"end":{"line":230,"column":48}}],"line":230},"21":{"loc":{"start":{"line":264,"column":168},"end":{"line":264,"column":185}},"type":"cond-expr","locations":[{"start":{"line":264,"column":178},"end":{"line":264,"column":181}},{"start":{"line":264,"column":184},"end":{"line":264,"column":185}}],"line":264},"22":{"loc":{"start":{"line":265,"column":15},"end":{"line":265,"column":51}},"type":"cond-expr","locations":[{"start":{"line":265,"column":25},"end":{"line":265,"column":34}},{"start":{"line":265,"column":37},"end":{"line":265,"column":51}}],"line":265},"23":{"loc":{"start":{"line":281,"column":18},"end":{"line":281,"column":56}},"type":"binary-expr","locations":[{"start":{"line":281,"column":18},"end":{"line":281,"column":50}},{"start":{"line":281,"column":54},"end":{"line":281,"column":56}}],"line":281},"24":{"loc":{"start":{"line":282,"column":6},"end":{"line":282,"column":68}},"type":"if","locations":[{"start":{"line":282,"column":6},"end":{"line":282,"column":68}},{"start":{},"end":{}}],"line":282},"25":{"loc":{"start":{"line":284,"column":17},"end":{"line":284,"column":31}},"type":"binary-expr","locations":[{"start":{"line":284,"column":17},"end":{"line":284,"column":25}},{"start":{"line":284,"column":29},"end":{"line":284,"column":31}}],"line":284},"26":{"loc":{"start":{"line":295,"column":9},"end":{"line":319,"column":9}},"type":"cond-expr","locations":[{"start":{"line":296,"column":10},"end":{"line":296,"column":64}},{"start":{"line":297,"column":12},"end":{"line":319,"column":9}}],"line":295},"27":{"loc":{"start":{"line":297,"column":12},"end":{"line":319,"column":9}},"type":"cond-expr","locations":[{"start":{"line":298,"column":10},"end":{"line":298,"column":70}},{"start":{"line":300,"column":10},"end":{"line":318,"column":16}}],"line":297},"28":{"loc":{"start":{"line":305,"column":19},"end":{"line":305,"column":58}},"type":"binary-expr","locations":[{"start":{"line":305,"column":19},"end":{"line":305,"column":35}},{"start":{"line":305,"column":39},"end":{"line":305,"column":51}},{"start":{"line":305,"column":55},"end":{"line":305,"column":58}}],"line":305},"29":{"loc":{"start":{"line":308,"column":94},"end":{"line":308,"column":116}},"type":"binary-expr","locations":[{"start":{"line":308,"column":94},"end":{"line":308,"column":105}},{"start":{"line":308,"column":109},"end":{"line":308,"column":116}}],"line":308},"30":{"loc":{"start":{"line":309,"column":81},"end":{"line":309,"column":101}},"type":"binary-expr","locations":[{"start":{"line":309,"column":81},"end":{"line":309,"column":88}},{"start":{"line":309,"column":92},"end":{"line":309,"column":101}}],"line":309}},"s":{"0":12,"1":12,"2":12,"3":12,"4":12,"5":12,"6":12,"7":12,"8":12,"9":12,"10":6,"11":6,"12":6,"13":0,"14":6,"15":6,"16":6,"17":6,"18":6,"19":12,"20":6,"21":6,"22":0,"23":6,"24":6,"25":6,"26":6,"27":6,"28":6,"29":0,"30":0,"31":0,"32":6,"33":12,"34":0,"35":0,"36":0,"37":0,"38":0,"39":0,"40":12,"41":0,"42":0,"43":0,"44":12,"45":0,"46":0,"47":0,"48":0,"49":0,"50":0,"51":12,"52":0,"53":0,"54":12,"55":0,"56":0,"57":12,"58":3,"59":0,"60":0,"61":0,"62":0,"63":0,"64":0,"65":0,"66":0,"67":0,"68":0,"69":0,"70":0,"71":0,"72":0,"73":1,"74":0,"75":0,"76":0,"77":3,"78":3,"79":3,"80":3,"81":0,"82":0,"83":0,"84":0,"85":0,"86":0,"87":0,"88":0,"89":3,"90":1,"91":0,"92":0,"93":0,"94":0,"95":0,"96":0,"97":0,"98":0,"99":0,"100":0,"101":0,"102":0,"103":0,"104":0,"105":0,"106":0,"107":0,"108":0,"109":0,"110":0,"111":0,"112":0,"113":0,"114":0},"f":{"0":12,"1":6,"2":6,"3":6,"4":0,"5":0,"6":0,"7":0,"8":0,"9":0,"10":0,"11":0,"12":3,"13":0,"14":0,"15":0,"16":0,"17":0,"18":0,"19":0,"20":0,"21":0,"22":0,"23":0,"24":1,"25":0,"26":0,"27":3,"28":0,"29":1,"30":0,"31":0,"32":0,"33":0,"34":0,"35":0,"36":0,"37":0,"38":0,"39":0,"40":0},"b":{"0":[0,6],"1":[6,6],"2":[6,6],"3":[6,6],"4":[6,6],"5":[0,0],"6":[0,0],"7":[0,0],"8":[0,0],"9":[12,6],"10":[12,0],"11":[0,0],"12":[0,0],"13":[0,0],"14":[12,0],"15":[0,0],"16":[0,0],"17":[12,3],"18":[12,0],"19":[0,0],"20":[0,0],"21":[0,3],"22":[0,3],"23":[0,0],"24":[0,0],"25":[0,0],"26":[0,0],"27":[0,0],"28":[0,0,0],"29":[0,0],"30":[0,0]},"_coverageSchema":"1a1c01bbd47fc00a2c39e90264f33305004495a9","hash":"efd7d155bdfd72c94f1ea80ca231389e66925299"}
,"C:\\Users\\user\\Desktop\\Uni\\crisis-chat\\src\\pages\\Login.jsx": {"path":"C:\\Users\\user\\Desktop\\Uni\\crisis-chat\\src\\pages\\Login.jsx","statementMap":{"0":{"start":{"line":6,"column":34},"end":{"line":6,"column":46}},"1":{"start":{"line":7,"column":34},"end":{"line":7,"column":46}},"2":{"start":{"line":8,"column":34},"end":{"line":8,"column":46}},"3":{"start":{"line":9,"column":34},"end":{"line":9,"column":49}},"4":{"start":{"line":10,"column":34},"end":{"line":10,"column":49}},"5":{"start":{"line":11,"column":34},"end":{"line":11,"column":46}},"6":{"start":{"line":12,"column":19},"end":{"line":12,"column":32}},"7":{"start":{"line":14,"column":23},"end":{"line":31,"column":3}},"8":{"start":{"line":15,"column":4},"end":{"line":15,"column":22}},"9":{"start":{"line":16,"column":4},"end":{"line":16,"column":21}},"10":{"start":{"line":16,"column":22},"end":{"line":16,"column":34}},"11":{"start":{"line":18,"column":4},"end":{"line":29,"column":5}},"12":{"start":{"line":19,"column":24},"end":{"line":22,"column":8}},"13":{"start":{"line":23,"column":6},"end":{"line":24,"column":66}},"14":{"start":{"line":23,"column":17},"end":{"line":23,"column":40}},"15":{"start":{"line":24,"column":11},"end":{"line":24,"column":66}},"16":{"start":{"line":26,"column":24},"end":{"line":26,"column":83}},"17":{"start":{"line":27,"column":6},"end":{"line":28,"column":28}},"18":{"start":{"line":27,"column":17},"end":{"line":27,"column":40}},"19":{"start":{"line":28,"column":11},"end":{"line":28,"column":28}},"20":{"start":{"line":30,"column":4},"end":{"line":30,"column":21}},"21":{"start":{"line":33,"column":2},"end":{"line":150,"column":3}},"22":{"start":{"line":79,"column":10},"end":{"line":86,"column":16}},"23":{"start":{"line":133,"column":35},"end":{"line":133,"column":102}},"24":{"start":{"line":133,"column":49},"end":{"line":133,"column":102}},"25":{"start":{"line":133,"column":103},"end":{"line":133,"column":171}},"26":{"start":{"line":134,"column":35},"end":{"line":134,"column":76}},"27":{"start":{"line":134,"column":77},"end":{"line":134,"column":145}},"28":{"start":{"line":142,"column":37},"end":{"line":142,"column":60}},"29":{"start":{"line":142,"column":61},"end":{"line":142,"column":73}},"30":{"start":{"line":154,"column":32},"end":{"line":154,"column":47}},"31":{"start":{"line":155,"column":2},"end":{"line":178,"column":3}},"32":{"start":{"line":163,"column":23},"end":{"line":163,"column":47}},"33":{"start":{"line":166,"column":23},"end":{"line":166,"column":39}},"34":{"start":{"line":167,"column":22},"end":{"line":167,"column":39}}},"fnMap":{"0":{"name":"Login","decl":{"start":{"line":5,"column":24},"end":{"line":5,"column":29}},"loc":{"start":{"line":5,"column":32},"end":{"line":151,"column":1}},"line":5},"1":{"name":"(anonymous_1)","decl":{"start":{"line":14,"column":23},"end":{"line":14,"column":24}},"loc":{"start":{"line":14,"column":36},"end":{"line":31,"column":3}},"line":14},"2":{"name":"(anonymous_2)","decl":{"start":{"line":78,"column":14},"end":{"line":78,"column":15}},"loc":{"start":{"line":79,"column":10},"end":{"line":86,"column":16}},"line":79},"3":{"name":"(anonymous_3)","decl":{"start":{"line":133,"column":28},"end":{"line":133,"column":29}},"loc":{"start":{"line":133,"column":33},"end":{"line":133,"column":173}},"line":133},"4":{"name":"(anonymous_4)","decl":{"start":{"line":134,"column":28},"end":{"line":134,"column":29}},"loc":{"start":{"line":134,"column":33},"end":{"line":134,"column":147}},"line":134},"5":{"name":"(anonymous_5)","decl":{"start":{"line":142,"column":29},"end":{"line":142,"column":30}},"loc":{"start":{"line":142,"column":35},"end":{"line":142,"column":75}},"line":142},"6":{"name":"Field","decl":{"start":{"line":153,"column":9},"end":{"line":153,"column":14}},"loc":{"start":{"line":153,"column":72},"end":{"line":179,"column":1}},"line":153},"7":{"name":"(anonymous_7)","decl":{"start":{"line":163,"column":18},"end":{"line":163,"column":19}},"loc":{"start":{"line":163,"column":23},"end":{"line":163,"column":47}},"line":163},"8":{"name":"(anonymous_8)","decl":{"start":{"line":166,"column":17},"end":{"line":166,"column":18}},"loc":{"start":{"line":166,"column":23},"end":{"line":166,"column":39}},"line":166},"9":{"name":"(anonymous_9)","decl":{"start":{"line":167,"column":16},"end":{"line":167,"column":17}},"loc":{"start":{"line":167,"column":22},"end":{"line":167,"column":39}},"line":167}},"branchMap":{"0":{"loc":{"start":{"line":18,"column":4},"end":{"line":29,"column":5}},"type":"if","locations":[{"start":{"line":18,"column":4},"end":{"line":29,"column":5}},{"start":{"line":25,"column":11},"end":{"line":29,"column":5}}],"line":18},"1":{"loc":{"start":{"line":23,"column":6},"end":{"line":24,"column":66}},"type":"if","locations":[{"start":{"line":23,"column":6},"end":{"line":24,"column":66}},{"start":{"line":24,"column":11},"end":{"line":24,"column":66}}],"line":23},"2":{"loc":{"start":{"line":27,"column":6},"end":{"line":28,"column":28}},"type":"if","locations":[{"start":{"line":27,"column":6},"end":{"line":28,"column":28}},{"start":{"line":28,"column":11},"end":{"line":28,"column":28}}],"line":27},"3":{"loc":{"start":{"line":99,"column":13},"end":{"line":99,"column":57}},"type":"cond-expr","locations":[{"start":{"line":99,"column":24},"end":{"line":99,"column":40}},{"start":{"line":99,"column":43},"end":{"line":99,"column":57}}],"line":99},"4":{"loc":{"start":{"line":102,"column":13},"end":{"line":102,"column":90}},"type":"cond-expr","locations":[{"start":{"line":102,"column":24},"end":{"line":102,"column":62}},{"start":{"line":102,"column":65},"end":{"line":102,"column":90}}],"line":102},"5":{"loc":{"start":{"line":106,"column":13},"end":{"line":108,"column":13}},"type":"binary-expr","locations":[{"start":{"line":106,"column":13},"end":{"line":106,"column":21}},{"start":{"line":107,"column":14},"end":{"line":107,"column":126}}],"line":106},"6":{"loc":{"start":{"line":112,"column":13},"end":{"line":121,"column":13}},"type":"binary-expr","locations":[{"start":{"line":112,"column":13},"end":{"line":112,"column":18}},{"start":{"line":113,"column":14},"end":{"line":120,"column":20}}],"line":112},"7":{"loc":{"start":{"line":115,"column":28},"end":{"line":115,"column":71}},"type":"cond-expr","locations":[{"start":{"line":115,"column":50},"end":{"line":115,"column":59}},{"start":{"line":115,"column":62},"end":{"line":115,"column":71}}],"line":115},"8":{"loc":{"start":{"line":116,"column":28},"end":{"line":116,"column":71}},"type":"cond-expr","locations":[{"start":{"line":116,"column":50},"end":{"line":116,"column":59}},{"start":{"line":116,"column":62},"end":{"line":116,"column":71}}],"line":116},"9":{"loc":{"start":{"line":117,"column":41},"end":{"line":117,"column":84}},"type":"cond-expr","locations":[{"start":{"line":117,"column":63},"end":{"line":117,"column":72}},{"start":{"line":117,"column":75},"end":{"line":117,"column":84}}],"line":117},"10":{"loc":{"start":{"line":130,"column":25},"end":{"line":130,"column":42}},"type":"cond-expr","locations":[{"start":{"line":130,"column":35},"end":{"line":130,"column":38}},{"start":{"line":130,"column":41},"end":{"line":130,"column":42}}],"line":130},"11":{"loc":{"start":{"line":133,"column":35},"end":{"line":133,"column":102}},"type":"if","locations":[{"start":{"line":133,"column":35},"end":{"line":133,"column":102}},{"start":{},"end":{}}],"line":133},"12":{"loc":{"start":{"line":136,"column":15},"end":{"line":136,"column":81}},"type":"cond-expr","locations":[{"start":{"line":136,"column":25},"end":{"line":136,"column":39}},{"start":{"line":136,"column":42},"end":{"line":136,"column":81}}],"line":136},"13":{"loc":{"start":{"line":136,"column":42},"end":{"line":136,"column":81}},"type":"cond-expr","locations":[{"start":{"line":136,"column":53},"end":{"line":136,"column":69}},{"start":{"line":136,"column":72},"end":{"line":136,"column":81}}],"line":136},"14":{"loc":{"start":{"line":141,"column":13},"end":{"line":141,"column":79}},"type":"cond-expr","locations":[{"start":{"line":141,"column":24},"end":{"line":141,"column":51}},{"start":{"line":141,"column":54},"end":{"line":141,"column":79}}],"line":141},"15":{"loc":{"start":{"line":144,"column":15},"end":{"line":144,"column":47}},"type":"cond-expr","locations":[{"start":{"line":144,"column":26},"end":{"line":144,"column":35}},{"start":{"line":144,"column":38},"end":{"line":144,"column":47}}],"line":144},"16":{"loc":{"start":{"line":170,"column":33},"end":{"line":170,"column":76}},"type":"cond-expr","locations":[{"start":{"line":170,"column":43},"end":{"line":170,"column":58}},{"start":{"line":170,"column":61},"end":{"line":170,"column":76}}],"line":170},"17":{"loc":{"start":{"line":171,"column":22},"end":{"line":171,"column":53}},"type":"cond-expr","locations":[{"start":{"line":171,"column":32},"end":{"line":171,"column":39}},{"start":{"line":171,"column":42},"end":{"line":171,"column":53}}],"line":171},"18":{"loc":{"start":{"line":173,"column":21},"end":{"line":173,"column":70}},"type":"cond-expr","locations":[{"start":{"line":173,"column":31},"end":{"line":173,"column":61}},{"start":{"line":173,"column":64},"end":{"line":173,"column":70}}],"line":173}},"s":{"0":46,"1":46,"2":46,"3":46,"4":46,"5":46,"6":46,"7":46,"8":7,"9":7,"10":7,"11":7,"12":2,"13":2,"14":0,"15":2,"16":5,"17":4,"18":2,"19":2,"20":6,"21":46,"22":138,"23":0,"24":0,"25":0,"26":0,"27":0,"28":6,"29":6,"30":107,"31":107,"32":16,"33":0,"34":0},"f":{"0":46,"1":7,"2":138,"3":0,"4":0,"5":6,"6":107,"7":16,"8":0,"9":0},"b":{"0":[2,5],"1":[0,2],"2":[2,2],"3":[15,31],"4":[15,31],"5":[46,15],"6":[46,4],"7":[2,2],"8":[2,2],"9":[2,2],"10":[7,39],"11":[0,0],"12":[7,39],"13":[13,26],"14":[15,31],"15":[15,31],"16":[0,107],"17":[0,107],"18":[0,107]},"_coverageSchema":"1a1c01bbd47fc00a2c39e90264f33305004495a9","hash":"13615af848027f0f9e09ec7e88853cbd4b877b65"}
,"C:\\Users\\user\\Desktop\\Uni\\crisis-chat\\src\\pages\\People.jsx": {"path":"C:\\Users\\user\\Desktop\\Uni\\crisis-chat\\src\\pages\\People.jsx","statementMap":{"0":{"start":{"line":6,"column":25},"end":{"line":6,"column":52}},"1":{"start":{"line":7,"column":25},"end":{"line":7,"column":52}},"2":{"start":{"line":8,"column":25},"end":{"line":8,"column":54}},"3":{"start":{"line":9,"column":25},"end":{"line":9,"column":54}},"4":{"start":{"line":10,"column":26},"end":{"line":10,"column":73}},"5":{"start":{"line":10,"column":48},"end":{"line":10,"column":72}},"6":{"start":{"line":11,"column":26},"end":{"line":11,"column":77}},"7":{"start":{"line":11,"column":50},"end":{"line":11,"column":76}},"8":{"start":{"line":12,"column":26},"end":{"line":12,"column":71}},"9":{"start":{"line":13,"column":26},"end":{"line":13,"column":75}},"10":{"start":{"line":14,"column":26},"end":{"line":14,"column":111}},"11":{"start":{"line":15,"column":26},"end":{"line":15,"column":117}},"12":{"start":{"line":16,"column":26},"end":{"line":16,"column":111}},"13":{"start":{"line":17,"column":16},"end":{"line":17,"column":113}},"14":{"start":{"line":18,"column":2},"end":{"line":18,"column":50}},"15":{"start":{"line":22,"column":2},"end":{"line":22,"column":84}},"16":{"start":{"line":22,"column":19},"end":{"line":22,"column":84}},"17":{"start":{"line":23,"column":2},"end":{"line":23,"column":84}},"18":{"start":{"line":23,"column":19},"end":{"line":23,"column":84}},"19":{"start":{"line":24,"column":2},"end":{"line":24,"column":84}},"20":{"start":{"line":24,"column":19},"end":{"line":24,"column":84}},"21":{"start":{"line":25,"column":2},"end":{"line":25,"column":83}},"22":{"start":{"line":29,"column":40},"end":{"line":29,"column":54}},"23":{"start":{"line":30,"column":40},"end":{"line":30,"column":54}},"24":{"start":{"line":31,"column":40},"end":{"line":31,"column":52}},"25":{"start":{"line":32,"column":40},"end":{"line":32,"column":52}},"26":{"start":{"line":33,"column":40},"end":{"line":33,"column":55}},"27":{"start":{"line":34,"column":40},"end":{"line":34,"column":57}},"28":{"start":{"line":35,"column":40},"end":{"line":35,"column":52}},"29":{"start":{"line":36,"column":40},"end":{"line":36,"column":55}},"30":{"start":{"line":37,"column":19},"end":{"line":37,"column":32}},"31":{"start":{"line":39,"column":2},"end":{"line":52,"column":8}},"32":{"start":{"line":40,"column":17},"end":{"line":50,"column":5}},"33":{"start":{"line":41,"column":33},"end":{"line":41,"column":62}},"34":{"start":{"line":42,"column":6},"end":{"line":42,"column":37}},"35":{"start":{"line":42,"column":17},"end":{"line":42,"column":37}},"36":{"start":{"line":43,"column":6},"end":{"line":43,"column":19}},"37":{"start":{"line":44,"column":27},"end":{"line":44,"column":97}},"38":{"start":{"line":45,"column":6},"end":{"line":45,"column":22}},"39":{"start":{"line":46,"column":28},"end":{"line":46,"column":71}},"40":{"start":{"line":47,"column":21},"end":{"line":47,"column":61}},"41":{"start":{"line":47,"column":38},"end":{"line":47,"column":54}},"42":{"start":{"line":48,"column":6},"end":{"line":48,"column":82}},"43":{"start":{"line":48,"column":33},"end":{"line":48,"column":79}},"44":{"start":{"line":49,"column":6},"end":{"line":49,"column":30}},"45":{"start":{"line":51,"column":4},"end":{"line":51,"column":10}},"46":{"start":{"line":54,"column":26},"end":{"line":59,"column":3}},"47":{"start":{"line":55,"column":21},"end":{"line":57,"column":60}},"48":{"start":{"line":58,"column":4},"end":{"line":58,"column":30}},"49":{"start":{"line":62,"column":30},"end":{"line":72,"column":3}},"50":{"start":{"line":63,"column":17},"end":{"line":66,"column":5}},"51":{"start":{"line":64,"column":6},"end":{"line":65,"column":61}},"52":{"start":{"line":67,"column":4},"end":{"line":67,"column":28}},"53":{"start":{"line":67,"column":15},"end":{"line":67,"column":28}},"54":{"start":{"line":68,"column":4},"end":{"line":68,"column":54}},"55":{"start":{"line":68,"column":36},"end":{"line":68,"column":54}},"56":{"start":{"line":69,"column":4},"end":{"line":69,"column":79}},"57":{"start":{"line":69,"column":66},"end":{"line":69,"column":79}},"58":{"start":{"line":70,"column":4},"end":{"line":70,"column":85}},"59":{"start":{"line":70,"column":68},"end":{"line":70,"column":85}},"60":{"start":{"line":71,"column":4},"end":{"line":71,"column":17}},"61":{"start":{"line":74,"column":26},"end":{"line":79,"column":3}},"62":{"start":{"line":75,"column":4},"end":{"line":78,"column":9}},"63":{"start":{"line":76,"column":6},"end":{"line":77,"column":61}},"64":{"start":{"line":81,"column":22},"end":{"line":86,"column":3}},"65":{"start":{"line":82,"column":4},"end":{"line":82,"column":20}},"66":{"start":{"line":83,"column":4},"end":{"line":83,"column":110}},"67":{"start":{"line":84,"column":4},"end":{"line":84,"column":34}},"68":{"start":{"line":85,"column":4},"end":{"line":85,"column":21}},"69":{"start":{"line":88,"column":24},"end":{"line":92,"column":3}},"70":{"start":{"line":89,"column":19},"end":{"line":89,"column":43}},"71":{"start":{"line":90,"column":4},"end":{"line":90,"column":124}},"72":{"start":{"line":91,"column":4},"end":{"line":91,"column":34}},"73":{"start":{"line":94,"column":27},"end":{"line":98,"column":3}},"74":{"start":{"line":95,"column":19},"end":{"line":95,"column":43}},"75":{"start":{"line":96,"column":4},"end":{"line":96,"column":64}},"76":{"start":{"line":97,"column":4},"end":{"line":97,"column":34}},"77":{"start":{"line":101,"column":16},"end":{"line":101,"column":27}},"78":{"start":{"line":102,"column":2},"end":{"line":109,"column":3}},"79":{"start":{"line":103,"column":14},"end":{"line":103,"column":34}},"80":{"start":{"line":104,"column":4},"end":{"line":108,"column":5}},"81":{"start":{"line":105,"column":6},"end":{"line":107,"column":62}},"82":{"start":{"line":107,"column":34},"end":{"line":107,"column":61}},"83":{"start":{"line":110,"column":2},"end":{"line":110,"column":120}},"84":{"start":{"line":110,"column":33},"end":{"line":110,"column":120}},"85":{"start":{"line":110,"column":78},"end":{"line":110,"column":119}},"86":{"start":{"line":111,"column":2},"end":{"line":111,"column":107}},"87":{"start":{"line":111,"column":34},"end":{"line":111,"column":107}},"88":{"start":{"line":111,"column":82},"end":{"line":111,"column":106}},"89":{"start":{"line":112,"column":2},"end":{"line":112,"column":86}},"90":{"start":{"line":112,"column":34},"end":{"line":112,"column":86}},"91":{"start":{"line":112,"column":74},"end":{"line":112,"column":85}},"92":{"start":{"line":113,"column":2},"end":{"line":113,"column":67}},"93":{"start":{"line":113,"column":26},"end":{"line":113,"column":67}},"94":{"start":{"line":113,"column":49},"end":{"line":113,"column":66}},"95":{"start":{"line":114,"column":2},"end":{"line":114,"column":118}},"96":{"start":{"line":114,"column":26},"end":{"line":114,"column":118}},"97":{"start":{"line":114,"column":49},"end":{"line":114,"column":117}},"98":{"start":{"line":116,"column":24},"end":{"line":116,"column":99}},"99":{"start":{"line":117,"column":24},"end":{"line":117,"column":108}},"100":{"start":{"line":117,"column":48},"end":{"line":117,"column":100}},"101":{"start":{"line":118,"column":25},"end":{"line":118,"column":80}},"102":{"start":{"line":118,"column":49},"end":{"line":118,"column":72}},"103":{"start":{"line":120,"column":2},"end":{"line":301,"column":3}},"104":{"start":{"line":145,"column":33},"end":{"line":145,"column":53}},"105":{"start":{"line":155,"column":47},"end":{"line":155,"column":72}},"106":{"start":{"line":160,"column":104},"end":{"line":160,"column":120}},"107":{"start":{"line":161,"column":113},"end":{"line":161,"column":135}},"108":{"start":{"line":162,"column":104},"end":{"line":162,"column":130}},"109":{"start":{"line":163,"column":104},"end":{"line":163,"column":123}},"110":{"start":{"line":167,"column":94},"end":{"line":167,"column":112}},"111":{"start":{"line":168,"column":94},"end":{"line":168,"column":111}},"112":{"start":{"line":175,"column":18},"end":{"line":175,"column":171}},"113":{"start":{"line":195,"column":29},"end":{"line":195,"column":49}},"114":{"start":{"line":196,"column":29},"end":{"line":196,"column":54}},"115":{"start":{"line":197,"column":14},"end":{"line":295,"column":15}},"116":{"start":{"line":232,"column":48},"end":{"line":232,"column":201}},"117":{"start":{"line":239,"column":48},"end":{"line":239,"column":183}},"118":{"start":{"line":247,"column":54},"end":{"line":247,"column":188}},"119":{"start":{"line":254,"column":45},"end":{"line":254,"column":62}},"120":{"start":{"line":261,"column":45},"end":{"line":261,"column":67}},"121":{"start":{"line":269,"column":47},"end":{"line":269,"column":66}},"122":{"start":{"line":274,"column":47},"end":{"line":274,"column":69}},"123":{"start":{"line":282,"column":45},"end":{"line":282,"column":67}},"124":{"start":{"line":288,"column":43},"end":{"line":288,"column":62}},"125":{"start":{"line":305,"column":2},"end":{"line":314,"column":3}}},"fnMap":{"0":{"name":"computeCompatibility","decl":{"start":{"line":5,"column":9},"end":{"line":5,"column":29}},"loc":{"start":{"line":5,"column":55},"end":{"line":19,"column":1}},"line":5},"1":{"name":"(anonymous_1)","decl":{"start":{"line":10,"column":43},"end":{"line":10,"column":44}},"loc":{"start":{"line":10,"column":48},"end":{"line":10,"column":72}},"line":10},"2":{"name":"(anonymous_2)","decl":{"start":{"line":11,"column":45},"end":{"line":11,"column":46}},"loc":{"start":{"line":11,"column":50},"end":{"line":11,"column":76}},"line":11},"3":{"name":"getMatchLabel","decl":{"start":{"line":21,"column":9},"end":{"line":21,"column":22}},"loc":{"start":{"line":21,"column":30},"end":{"line":26,"column":1}},"line":21},"4":{"name":"People","decl":{"start":{"line":28,"column":24},"end":{"line":28,"column":30}},"loc":{"start":{"line":28,"column":33},"end":{"line":302,"column":1}},"line":28},"5":{"name":"(anonymous_5)","decl":{"start":{"line":39,"column":12},"end":{"line":39,"column":13}},"loc":{"start":{"line":39,"column":18},"end":{"line":52,"column":3}},"line":39},"6":{"name":"(anonymous_6)","decl":{"start":{"line":40,"column":17},"end":{"line":40,"column":18}},"loc":{"start":{"line":40,"column":29},"end":{"line":50,"column":5}},"line":40},"7":{"name":"(anonymous_7)","decl":{"start":{"line":47,"column":33},"end":{"line":47,"column":34}},"loc":{"start":{"line":47,"column":38},"end":{"line":47,"column":54}},"line":47},"8":{"name":"(anonymous_8)","decl":{"start":{"line":48,"column":27},"end":{"line":48,"column":28}},"loc":{"start":{"line":48,"column":33},"end":{"line":48,"column":79}},"line":48},"9":{"name":"(anonymous_9)","decl":{"start":{"line":54,"column":26},"end":{"line":54,"column":27}},"loc":{"start":{"line":54,"column":44},"end":{"line":59,"column":3}},"line":54},"10":{"name":"(anonymous_10)","decl":{"start":{"line":62,"column":30},"end":{"line":62,"column":31}},"loc":{"start":{"line":62,"column":43},"end":{"line":72,"column":3}},"line":62},"11":{"name":"(anonymous_11)","decl":{"start":{"line":63,"column":34},"end":{"line":63,"column":35}},"loc":{"start":{"line":64,"column":6},"end":{"line":65,"column":61}},"line":64},"12":{"name":"(anonymous_12)","decl":{"start":{"line":74,"column":26},"end":{"line":74,"column":27}},"loc":{"start":{"line":74,"column":39},"end":{"line":79,"column":3}},"line":74},"13":{"name":"(anonymous_13)","decl":{"start":{"line":75,"column":28},"end":{"line":75,"column":29}},"loc":{"start":{"line":76,"column":6},"end":{"line":77,"column":61}},"line":76},"14":{"name":"(anonymous_14)","decl":{"start":{"line":81,"column":22},"end":{"line":81,"column":23}},"loc":{"start":{"line":81,"column":41},"end":{"line":86,"column":3}},"line":81},"15":{"name":"(anonymous_15)","decl":{"start":{"line":88,"column":24},"end":{"line":88,"column":25}},"loc":{"start":{"line":88,"column":43},"end":{"line":92,"column":3}},"line":88},"16":{"name":"(anonymous_16)","decl":{"start":{"line":94,"column":27},"end":{"line":94,"column":28}},"loc":{"start":{"line":94,"column":46},"end":{"line":98,"column":3}},"line":94},"17":{"name":"(anonymous_17)","decl":{"start":{"line":104,"column":29},"end":{"line":104,"column":30}},"loc":{"start":{"line":105,"column":6},"end":{"line":107,"column":62}},"line":105},"18":{"name":"(anonymous_18)","decl":{"start":{"line":107,"column":29},"end":{"line":107,"column":30}},"loc":{"start":{"line":107,"column":34},"end":{"line":107,"column":61}},"line":107},"19":{"name":"(anonymous_19)","decl":{"start":{"line":110,"column":58},"end":{"line":110,"column":59}},"loc":{"start":{"line":110,"column":78},"end":{"line":110,"column":119}},"line":110},"20":{"name":"(anonymous_20)","decl":{"start":{"line":111,"column":59},"end":{"line":111,"column":60}},"loc":{"start":{"line":111,"column":82},"end":{"line":111,"column":106}},"line":111},"21":{"name":"(anonymous_21)","decl":{"start":{"line":112,"column":59},"end":{"line":112,"column":60}},"loc":{"start":{"line":112,"column":74},"end":{"line":112,"column":85}},"line":112},"22":{"name":"(anonymous_22)","decl":{"start":{"line":113,"column":39},"end":{"line":113,"column":40}},"loc":{"start":{"line":113,"column":49},"end":{"line":113,"column":66}},"line":113},"23":{"name":"(anonymous_23)","decl":{"start":{"line":114,"column":39},"end":{"line":114,"column":40}},"loc":{"start":{"line":114,"column":49},"end":{"line":114,"column":117}},"line":114},"24":{"name":"(anonymous_24)","decl":{"start":{"line":117,"column":43},"end":{"line":117,"column":44}},"loc":{"start":{"line":117,"column":48},"end":{"line":117,"column":100}},"line":117},"25":{"name":"(anonymous_25)","decl":{"start":{"line":118,"column":44},"end":{"line":118,"column":45}},"loc":{"start":{"line":118,"column":49},"end":{"line":118,"column":72}},"line":118},"26":{"name":"(anonymous_26)","decl":{"start":{"line":145,"column":27},"end":{"line":145,"column":28}},"loc":{"start":{"line":145,"column":33},"end":{"line":145,"column":53}},"line":145},"27":{"name":"(anonymous_27)","decl":{"start":{"line":155,"column":42},"end":{"line":155,"column":43}},"loc":{"start":{"line":155,"column":47},"end":{"line":155,"column":72}},"line":155},"28":{"name":"(anonymous_28)","decl":{"start":{"line":160,"column":98},"end":{"line":160,"column":99}},"loc":{"start":{"line":160,"column":104},"end":{"line":160,"column":120}},"line":160},"29":{"name":"(anonymous_29)","decl":{"start":{"line":161,"column":107},"end":{"line":161,"column":108}},"loc":{"start":{"line":161,"column":113},"end":{"line":161,"column":135}},"line":161},"30":{"name":"(anonymous_30)","decl":{"start":{"line":162,"column":98},"end":{"line":162,"column":99}},"loc":{"start":{"line":162,"column":104},"end":{"line":162,"column":130}},"line":162},"31":{"name":"(anonymous_31)","decl":{"start":{"line":163,"column":98},"end":{"line":163,"column":99}},"loc":{"start":{"line":163,"column":104},"end":{"line":163,"column":123}},"line":163},"32":{"name":"(anonymous_32)","decl":{"start":{"line":167,"column":88},"end":{"line":167,"column":89}},"loc":{"start":{"line":167,"column":94},"end":{"line":167,"column":112}},"line":167},"33":{"name":"(anonymous_33)","decl":{"start":{"line":168,"column":88},"end":{"line":168,"column":89}},"loc":{"start":{"line":168,"column":94},"end":{"line":168,"column":111}},"line":168},"34":{"name":"(anonymous_34)","decl":{"start":{"line":174,"column":39},"end":{"line":174,"column":40}},"loc":{"start":{"line":175,"column":18},"end":{"line":175,"column":171}},"line":175},"35":{"name":"(anonymous_35)","decl":{"start":{"line":194,"column":25},"end":{"line":194,"column":26}},"loc":{"start":{"line":194,"column":84},"end":{"line":296,"column":13}},"line":194},"36":{"name":"(anonymous_36)","decl":{"start":{"line":232,"column":43},"end":{"line":232,"column":44}},"loc":{"start":{"line":232,"column":48},"end":{"line":232,"column":201}},"line":232},"37":{"name":"(anonymous_37)","decl":{"start":{"line":239,"column":43},"end":{"line":239,"column":44}},"loc":{"start":{"line":239,"column":48},"end":{"line":239,"column":183}},"line":239},"38":{"name":"(anonymous_38)","decl":{"start":{"line":247,"column":49},"end":{"line":247,"column":50}},"loc":{"start":{"line":247,"column":54},"end":{"line":247,"column":188}},"line":247},"39":{"name":"(anonymous_39)","decl":{"start":{"line":254,"column":39},"end":{"line":254,"column":40}},"loc":{"start":{"line":254,"column":45},"end":{"line":254,"column":62}},"line":254},"40":{"name":"(anonymous_40)","decl":{"start":{"line":261,"column":39},"end":{"line":261,"column":40}},"loc":{"start":{"line":261,"column":45},"end":{"line":261,"column":67}},"line":261},"41":{"name":"(anonymous_41)","decl":{"start":{"line":269,"column":41},"end":{"line":269,"column":42}},"loc":{"start":{"line":269,"column":47},"end":{"line":269,"column":66}},"line":269},"42":{"name":"(anonymous_42)","decl":{"start":{"line":274,"column":41},"end":{"line":274,"column":42}},"loc":{"start":{"line":274,"column":47},"end":{"line":274,"column":69}},"line":274},"43":{"name":"(anonymous_43)","decl":{"start":{"line":282,"column":39},"end":{"line":282,"column":40}},"loc":{"start":{"line":282,"column":45},"end":{"line":282,"column":67}},"line":282},"44":{"name":"(anonymous_44)","decl":{"start":{"line":288,"column":37},"end":{"line":288,"column":38}},"loc":{"start":{"line":288,"column":43},"end":{"line":288,"column":62}},"line":288},"45":{"name":"FilterOption","decl":{"start":{"line":304,"column":9},"end":{"line":304,"column":21}},"loc":{"start":{"line":304,"column":50},"end":{"line":315,"column":1}},"line":304}},"branchMap":{"0":{"loc":{"start":{"line":6,"column":25},"end":{"line":6,"column":52}},"type":"binary-expr","locations":[{"start":{"line":6,"column":25},"end":{"line":6,"column":43}},{"start":{"line":6,"column":50},"end":{"line":6,"column":52}}],"line":6},"1":{"loc":{"start":{"line":7,"column":25},"end":{"line":7,"column":52}},"type":"binary-expr","locations":[{"start":{"line":7,"column":25},"end":{"line":7,"column":45}},{"start":{"line":7,"column":50},"end":{"line":7,"column":52}}],"line":7},"2":{"loc":{"start":{"line":8,"column":25},"end":{"line":8,"column":54}},"type":"binary-expr","locations":[{"start":{"line":8,"column":25},"end":{"line":8,"column":46}},{"start":{"line":8,"column":52},"end":{"line":8,"column":54}}],"line":8},"3":{"loc":{"start":{"line":9,"column":25},"end":{"line":9,"column":54}},"type":"binary-expr","locations":[{"start":{"line":9,"column":25},"end":{"line":9,"column":48}},{"start":{"line":9,"column":52},"end":{"line":9,"column":54}}],"line":9},"4":{"loc":{"start":{"line":14,"column":26},"end":{"line":14,"column":111}},"type":"cond-expr","locations":[{"start":{"line":14,"column":52},"end":{"line":14,"column":107}},{"start":{"line":14,"column":110},"end":{"line":14,"column":111}}],"line":14},"5":{"loc":{"start":{"line":15,"column":26},"end":{"line":15,"column":117}},"type":"cond-expr","locations":[{"start":{"line":15,"column":54},"end":{"line":15,"column":113}},{"start":{"line":15,"column":116},"end":{"line":15,"column":117}}],"line":15},"6":{"loc":{"start":{"line":16,"column":26},"end":{"line":16,"column":111}},"type":"cond-expr","locations":[{"start":{"line":16,"column":106},"end":{"line":16,"column":107}},{"start":{"line":16,"column":110},"end":{"line":16,"column":111}}],"line":16},"7":{"loc":{"start":{"line":16,"column":26},"end":{"line":16,"column":103}},"type":"binary-expr","locations":[{"start":{"line":16,"column":26},"end":{"line":16,"column":41}},{"start":{"line":16,"column":45},"end":{"line":16,"column":63}},{"start":{"line":16,"column":67},"end":{"line":16,"column":103}}],"line":16},"8":{"loc":{"start":{"line":22,"column":2},"end":{"line":22,"column":84}},"type":"if","locations":[{"start":{"line":22,"column":2},"end":{"line":22,"column":84}},{"start":{},"end":{}}],"line":22},"9":{"loc":{"start":{"line":23,"column":2},"end":{"line":23,"column":84}},"type":"if","locations":[{"start":{"line":23,"column":2},"end":{"line":23,"column":84}},{"start":{},"end":{}}],"line":23},"10":{"loc":{"start":{"line":24,"column":2},"end":{"line":24,"column":84}},"type":"if","locations":[{"start":{"line":24,"column":2},"end":{"line":24,"column":84}},{"start":{},"end":{}}],"line":24},"11":{"loc":{"start":{"line":42,"column":6},"end":{"line":42,"column":37}},"type":"if","locations":[{"start":{"line":42,"column":6},"end":{"line":42,"column":37}},{"start":{},"end":{}}],"line":42},"12":{"loc":{"start":{"line":47,"column":21},"end":{"line":47,"column":61}},"type":"binary-expr","locations":[{"start":{"line":47,"column":21},"end":{"line":47,"column":55}},{"start":{"line":47,"column":59},"end":{"line":47,"column":61}}],"line":47},"13":{"loc":{"start":{"line":58,"column":19},"end":{"line":58,"column":29}},"type":"binary-expr","locations":[{"start":{"line":58,"column":19},"end":{"line":58,"column":23}},{"start":{"line":58,"column":27},"end":{"line":58,"column":29}}],"line":58},"14":{"loc":{"start":{"line":64,"column":6},"end":{"line":65,"column":61}},"type":"binary-expr","locations":[{"start":{"line":64,"column":7},"end":{"line":64,"column":31}},{"start":{"line":64,"column":35},"end":{"line":64,"column":60}},{"start":{"line":65,"column":7},"end":{"line":65,"column":33}},{"start":{"line":65,"column":37},"end":{"line":65,"column":60}}],"line":64},"15":{"loc":{"start":{"line":67,"column":4},"end":{"line":67,"column":28}},"type":"if","locations":[{"start":{"line":67,"column":4},"end":{"line":67,"column":28}},{"start":{},"end":{}}],"line":67},"16":{"loc":{"start":{"line":68,"column":4},"end":{"line":68,"column":54}},"type":"if","locations":[{"start":{"line":68,"column":4},"end":{"line":68,"column":54}},{"start":{},"end":{}}],"line":68},"17":{"loc":{"start":{"line":69,"column":4},"end":{"line":69,"column":79}},"type":"if","locations":[{"start":{"line":69,"column":4},"end":{"line":69,"column":79}},{"start":{},"end":{}}],"line":69},"18":{"loc":{"start":{"line":69,"column":8},"end":{"line":69,"column":64}},"type":"binary-expr","locations":[{"start":{"line":69,"column":8},"end":{"line":69,"column":33}},{"start":{"line":69,"column":37},"end":{"line":69,"column":64}}],"line":69},"19":{"loc":{"start":{"line":70,"column":4},"end":{"line":70,"column":85}},"type":"if","locations":[{"start":{"line":70,"column":4},"end":{"line":70,"column":85}},{"start":{},"end":{}}],"line":70},"20":{"loc":{"start":{"line":70,"column":8},"end":{"line":70,"column":66}},"type":"binary-expr","locations":[{"start":{"line":70,"column":8},"end":{"line":70,"column":33}},{"start":{"line":70,"column":37},"end":{"line":70,"column":66}}],"line":70},"21":{"loc":{"start":{"line":76,"column":6},"end":{"line":77,"column":61}},"type":"binary-expr","locations":[{"start":{"line":76,"column":7},"end":{"line":76,"column":31}},{"start":{"line":76,"column":35},"end":{"line":76,"column":60}},{"start":{"line":77,"column":7},"end":{"line":77,"column":33}},{"start":{"line":77,"column":37},"end":{"line":77,"column":60}}],"line":76},"22":{"loc":{"start":{"line":102,"column":2},"end":{"line":109,"column":3}},"type":"if","locations":[{"start":{"line":102,"column":2},"end":{"line":109,"column":3}},{"start":{},"end":{}}],"line":102},"23":{"loc":{"start":{"line":105,"column":6},"end":{"line":107,"column":62}},"type":"binary-expr","locations":[{"start":{"line":105,"column":6},"end":{"line":105,"column":51}},{"start":{"line":106,"column":6},"end":{"line":106,"column":47}},{"start":{"line":107,"column":6},"end":{"line":107,"column":62}}],"line":105},"24":{"loc":{"start":{"line":105,"column":7},"end":{"line":105,"column":24}},"type":"binary-expr","locations":[{"start":{"line":105,"column":7},"end":{"line":105,"column":18}},{"start":{"line":105,"column":22},"end":{"line":105,"column":24}}],"line":105},"25":{"loc":{"start":{"line":106,"column":7},"end":{"line":106,"column":20}},"type":"binary-expr","locations":[{"start":{"line":106,"column":7},"end":{"line":106,"column":14}},{"start":{"line":106,"column":18},"end":{"line":106,"column":20}}],"line":106},"26":{"loc":{"start":{"line":107,"column":7},"end":{"line":107,"column":22}},"type":"binary-expr","locations":[{"start":{"line":107,"column":7},"end":{"line":107,"column":16}},{"start":{"line":107,"column":20},"end":{"line":107,"column":22}}],"line":107},"27":{"loc":{"start":{"line":110,"column":2},"end":{"line":110,"column":120}},"type":"if","locations":[{"start":{"line":110,"column":2},"end":{"line":110,"column":120}},{"start":{},"end":{}}],"line":110},"28":{"loc":{"start":{"line":111,"column":2},"end":{"line":111,"column":107}},"type":"if","locations":[{"start":{"line":111,"column":2},"end":{"line":111,"column":107}},{"start":{},"end":{}}],"line":111},"29":{"loc":{"start":{"line":112,"column":2},"end":{"line":112,"column":86}},"type":"if","locations":[{"start":{"line":112,"column":2},"end":{"line":112,"column":86}},{"start":{},"end":{}}],"line":112},"30":{"loc":{"start":{"line":113,"column":2},"end":{"line":113,"column":67}},"type":"if","locations":[{"start":{"line":113,"column":2},"end":{"line":113,"column":67}},{"start":{},"end":{}}],"line":113},"31":{"loc":{"start":{"line":114,"column":2},"end":{"line":114,"column":118}},"type":"if","locations":[{"start":{"line":114,"column":2},"end":{"line":114,"column":118}},{"start":{},"end":{}}],"line":114},"32":{"loc":{"start":{"line":114,"column":50},"end":{"line":114,"column":75}},"type":"binary-expr","locations":[{"start":{"line":114,"column":50},"end":{"line":114,"column":69}},{"start":{"line":114,"column":73},"end":{"line":114,"column":75}}],"line":114},"33":{"loc":{"start":{"line":114,"column":91},"end":{"line":114,"column":116}},"type":"binary-expr","locations":[{"start":{"line":114,"column":91},"end":{"line":114,"column":110}},{"start":{"line":114,"column":114},"end":{"line":114,"column":116}}],"line":114},"34":{"loc":{"start":{"line":116,"column":25},"end":{"line":116,"column":56}},"type":"binary-expr","locations":[{"start":{"line":116,"column":25},"end":{"line":116,"column":51}},{"start":{"line":116,"column":55},"end":{"line":116,"column":56}}],"line":116},"35":{"loc":{"start":{"line":116,"column":61},"end":{"line":116,"column":94}},"type":"binary-expr","locations":[{"start":{"line":116,"column":61},"end":{"line":116,"column":89}},{"start":{"line":116,"column":93},"end":{"line":116,"column":94}}],"line":116},"36":{"loc":{"start":{"line":117,"column":48},"end":{"line":117,"column":100}},"type":"binary-expr","locations":[{"start":{"line":117,"column":48},"end":{"line":117,"column":74}},{"start":{"line":117,"column":78},"end":{"line":117,"column":100}}],"line":117},"37":{"loc":{"start":{"line":126,"column":40},"end":{"line":126,"column":71}},"type":"cond-expr","locations":[{"start":{"line":126,"column":63},"end":{"line":126,"column":66}},{"start":{"line":126,"column":69},"end":{"line":126,"column":71}}],"line":126},"38":{"loc":{"start":{"line":129,"column":9},"end":{"line":135,"column":9}},"type":"binary-expr","locations":[{"start":{"line":129,"column":9},"end":{"line":129,"column":25}},{"start":{"line":130,"column":10},"end":{"line":134,"column":16}}],"line":129},"39":{"loc":{"start":{"line":132,"column":48},"end":{"line":132,"column":75}},"type":"cond-expr","locations":[{"start":{"line":132,"column":67},"end":{"line":132,"column":70}},{"start":{"line":132,"column":73},"end":{"line":132,"column":75}}],"line":132},"40":{"loc":{"start":{"line":138,"column":7},"end":{"line":149,"column":7}},"type":"binary-expr","locations":[{"start":{"line":138,"column":7},"end":{"line":138,"column":18}},{"start":{"line":139,"column":8},"end":{"line":148,"column":14}}],"line":138},"41":{"loc":{"start":{"line":170,"column":11},"end":{"line":179,"column":11}},"type":"binary-expr","locations":[{"start":{"line":170,"column":11},"end":{"line":170,"column":41}},{"start":{"line":171,"column":12},"end":{"line":178,"column":18}}],"line":170},"42":{"loc":{"start":{"line":187,"column":11},"end":{"line":192,"column":11}},"type":"binary-expr","locations":[{"start":{"line":187,"column":11},"end":{"line":187,"column":31}},{"start":{"line":188,"column":12},"end":{"line":191,"column":18}}],"line":187},"43":{"loc":{"start":{"line":199,"column":78},"end":{"line":199,"column":136}},"type":"cond-expr","locations":[{"start":{"line":199,"column":103},"end":{"line":199,"column":118}},{"start":{"line":199,"column":121},"end":{"line":199,"column":136}}],"line":199},"44":{"loc":{"start":{"line":203,"column":23},"end":{"line":203,"column":62}},"type":"binary-expr","locations":[{"start":{"line":203,"column":23},"end":{"line":203,"column":39}},{"start":{"line":203,"column":43},"end":{"line":203,"column":55}},{"start":{"line":203,"column":59},"end":{"line":203,"column":62}}],"line":203},"45":{"loc":{"start":{"line":207,"column":103},"end":{"line":207,"column":125}},"type":"binary-expr","locations":[{"start":{"line":207,"column":103},"end":{"line":207,"column":114}},{"start":{"line":207,"column":118},"end":{"line":207,"column":125}}],"line":207},"46":{"loc":{"start":{"line":208,"column":25},"end":{"line":210,"column":25}},"type":"binary-expr","locations":[{"start":{"line":208,"column":25},"end":{"line":208,"column":47}},{"start":{"line":209,"column":26},"end":{"line":209,"column":175}}],"line":208},"47":{"loc":{"start":{"line":212,"column":94},"end":{"line":212,"column":114}},"type":"binary-expr","locations":[{"start":{"line":212,"column":94},"end":{"line":212,"column":101}},{"start":{"line":212,"column":105},"end":{"line":212,"column":114}}],"line":212},"48":{"loc":{"start":{"line":212,"column":116},"end":{"line":212,"column":144}},"type":"cond-expr","locations":[{"start":{"line":212,"column":125},"end":{"line":212,"column":139}},{"start":{"line":212,"column":142},"end":{"line":212,"column":144}}],"line":212},"49":{"loc":{"start":{"line":214,"column":21},"end":{"line":219,"column":21}},"type":"binary-expr","locations":[{"start":{"line":214,"column":21},"end":{"line":214,"column":31}},{"start":{"line":215,"column":22},"end":{"line":218,"column":28}}],"line":214},"50":{"loc":{"start":{"line":222,"column":19},"end":{"line":226,"column":19}},"type":"binary-expr","locations":[{"start":{"line":222,"column":19},"end":{"line":222,"column":29}},{"start":{"line":223,"column":20},"end":{"line":225,"column":26}}],"line":222},"51":{"loc":{"start":{"line":228,"column":19},"end":{"line":235,"column":19}},"type":"binary-expr","locations":[{"start":{"line":228,"column":19},"end":{"line":228,"column":43}},{"start":{"line":229,"column":20},"end":{"line":234,"column":26}}],"line":228},"52":{"loc":{"start":{"line":230,"column":160},"end":{"line":230,"column":195}},"type":"cond-expr","locations":[{"start":{"line":230,"column":187},"end":{"line":230,"column":190}},{"start":{"line":230,"column":193},"end":{"line":230,"column":195}}],"line":230},"53":{"loc":{"start":{"line":237,"column":19},"end":{"line":241,"column":19}},"type":"binary-expr","locations":[{"start":{"line":237,"column":19},"end":{"line":237,"column":45}},{"start":{"line":238,"column":20},"end":{"line":240,"column":26}}],"line":237},"54":{"loc":{"start":{"line":243,"column":19},"end":{"line":243,"column":123}},"type":"binary-expr","locations":[{"start":{"line":243,"column":19},"end":{"line":243,"column":26}},{"start":{"line":243,"column":30},"end":{"line":243,"column":123}}],"line":243},"55":{"loc":{"start":{"line":245,"column":19},"end":{"line":249,"column":19}},"type":"binary-expr","locations":[{"start":{"line":245,"column":19},"end":{"line":245,"column":45}},{"start":{"line":245,"column":49},"end":{"line":245,"column":70}},{"start":{"line":246,"column":20},"end":{"line":248,"column":26}}],"line":245},"56":{"loc":{"start":{"line":253,"column":21},"end":{"line":259,"column":21}},"type":"binary-expr","locations":[{"start":{"line":253,"column":21},"end":{"line":253,"column":38}},{"start":{"line":254,"column":22},"end":{"line":258,"column":31}}],"line":253},"57":{"loc":{"start":{"line":260,"column":21},"end":{"line":266,"column":21}},"type":"binary-expr","locations":[{"start":{"line":260,"column":21},"end":{"line":260,"column":38}},{"start":{"line":261,"column":22},"end":{"line":265,"column":31}}],"line":260},"58":{"loc":{"start":{"line":267,"column":21},"end":{"line":280,"column":21}},"type":"binary-expr","locations":[{"start":{"line":267,"column":21},"end":{"line":267,"column":42}},{"start":{"line":268,"column":22},"end":{"line":279,"column":28}}],"line":267},"59":{"loc":{"start":{"line":281,"column":21},"end":{"line":287,"column":21}},"type":"binary-expr","locations":[{"start":{"line":281,"column":21},"end":{"line":281,"column":43}},{"start":{"line":282,"column":22},"end":{"line":286,"column":31}}],"line":281},"60":{"loc":{"start":{"line":307,"column":30},"end":{"line":307,"column":76}},"type":"cond-expr","locations":[{"start":{"line":307,"column":39},"end":{"line":307,"column":60}},{"start":{"line":307,"column":63},"end":{"line":307,"column":76}}],"line":307},"61":{"loc":{"start":{"line":309,"column":33},"end":{"line":309,"column":66}},"type":"cond-expr","locations":[{"start":{"line":309,"column":42},"end":{"line":309,"column":57}},{"start":{"line":309,"column":60},"end":{"line":309,"column":66}}],"line":309},"62":{"loc":{"start":{"line":309,"column":80},"end":{"line":309,"column":120}},"type":"cond-expr","locations":[{"start":{"line":309,"column":89},"end":{"line":309,"column":104}},{"start":{"line":309,"column":107},"end":{"line":309,"column":120}}],"line":309},"63":{"loc":{"start":{"line":310,"column":9},"end":{"line":310,"column":64}},"type":"binary-expr","locations":[{"start":{"line":310,"column":9},"end":{"line":310,"column":15}},{"start":{"line":310,"column":19},"end":{"line":310,"column":64}}],"line":310},"64":{"loc":{"start":{"line":312,"column":60},"end":{"line":312,"column":100}},"type":"cond-expr","locations":[{"start":{"line":312,"column":69},"end":{"line":312,"column":84}},{"start":{"line":312,"column":87},"end":{"line":312,"column":100}}],"line":312}},"s":{"0":0,"1":0,"2":0,"3":0,"4":0,"5":0,"6":0,"7":0,"8":0,"9":0,"10":0,"11":0,"12":0,"13":0,"14":0,"15":0,"16":0,"17":0,"18":0,"19":0,"20":0,"21":0,"22":11,"23":11,"24":11,"25":11,"26":11,"27":11,"28":11,"29":11,"30":11,"31":11,"32":5,"33":5,"34":5,"35":0,"36":5,"37":5,"38":5,"39":5,"40":0,"41":0,"42":0,"43":0,"44":0,"45":5,"46":11,"47":0,"48":0,"49":11,"50":0,"51":0,"52":0,"53":0,"54":0,"55":0,"56":0,"57":0,"58":0,"59":0,"60":0,"61":11,"62":0,"63":0,"64":11,"65":0,"66":0,"67":0,"68":0,"69":11,"70":0,"71":0,"72":0,"73":11,"74":0,"75":0,"76":0,"77":11,"78":11,"79":1,"80":1,"81":0,"82":0,"83":11,"84":0,"85":0,"86":11,"87":1,"88":0,"89":11,"90":0,"91":0,"92":11,"93":11,"94":0,"95":11,"96":0,"97":0,"98":11,"99":11,"100":0,"101":11,"102":0,"103":11,"104":0,"105":1,"106":0,"107":0,"108":1,"109":0,"110":0,"111":0,"112":12,"113":0,"114":0,"115":0,"116":0,"117":0,"118":0,"119":0,"120":0,"121":0,"122":0,"123":0,"124":0,"125":66},"f":{"0":0,"1":0,"2":0,"3":0,"4":11,"5":5,"6":5,"7":0,"8":0,"9":0,"10":0,"11":0,"12":0,"13":0,"14":0,"15":0,"16":0,"17":0,"18":0,"19":0,"20":0,"21":0,"22":0,"23":0,"24":0,"25":0,"26":0,"27":1,"28":0,"29":0,"30":1,"31":0,"32":0,"33":0,"34":12,"35":0,"36":0,"37":0,"38":0,"39":0,"40":0,"41":0,"42":0,"43":0,"44":0,"45":66},"b":{"0":[0,0],"1":[0,0],"2":[0,0],"3":[0,0],"4":[0,0],"5":[0,0],"6":[0,0],"7":[0,0,0],"8":[0,0],"9":[0,0],"10":[0,0],"11":[0,5],"12":[0,0],"13":[0,0],"14":[0,0,0,0],"15":[0,0],"16":[0,0],"17":[0,0],"18":[0,0],"19":[0,0],"20":[0,0],"21":[0,0,0,0],"22":[1,10],"23":[0,0,0],"24":[0,0],"25":[0,0],"26":[0,0],"27":[0,11],"28":[1,10],"29":[0,11],"30":[11,0],"31":[0,11],"32":[0,0],"33":[0,0],"34":[11,5],"35":[11,5],"36":[0,0],"37":[11,0],"38":[11,0],"39":[0,0],"40":[11,5],"41":[11,6],"42":[11,11],"43":[0,0],"44":[0,0,0],"45":[0,0],"46":[0,0],"47":[0,0],"48":[0,0],"49":[0,0],"50":[0,0],"51":[0,0],"52":[0,0],"53":[0,0],"54":[0,0],"55":[0,0,0],"56":[0,0],"57":[0,0],"58":[0,0],"59":[0,0],"60":[22,44],"61":[22,44],"62":[22,44],"63":[66,22],"64":[22,44]},"_coverageSchema":"1a1c01bbd47fc00a2c39e90264f33305004495a9","hash":"bcf5cd1e8c3c375059826e5d9182b7175f49a913"}
,"C:\\Users\\user\\Desktop\\Uni\\crisis-chat\\src\\pages\\Profile.jsx": {"path":"C:\\Users\\user\\Desktop\\Uni\\crisis-chat\\src\\pages\\Profile.jsx","statementMap":{"0":{"start":{"line":6,"column":40},"end":{"line":6,"column":54}},"1":{"start":{"line":7,"column":40},"end":{"line":7,"column":54}},"2":{"start":{"line":8,"column":40},"end":{"line":8,"column":55}},"3":{"start":{"line":9,"column":40},"end":{"line":9,"column":52}},"4":{"start":{"line":10,"column":40},"end":{"line":10,"column":51}},"5":{"start":{"line":11,"column":40},"end":{"line":14,"column":4}},"6":{"start":{"line":15,"column":19},"end":{"line":15,"column":32}},"7":{"start":{"line":17,"column":2},"end":{"line":56,"column":8}},"8":{"start":{"line":18,"column":17},"end":{"line":54,"column":5}},"9":{"start":{"line":19,"column":33},"end":{"line":19,"column":62}},"10":{"start":{"line":20,"column":6},"end":{"line":20,"column":37}},"11":{"start":{"line":20,"column":17},"end":{"line":20,"column":37}},"12":{"start":{"line":21,"column":6},"end":{"line":21,"column":19}},"13":{"start":{"line":23,"column":32},"end":{"line":24,"column":64}},"14":{"start":{"line":25,"column":6},"end":{"line":25,"column":25}},"15":{"start":{"line":26,"column":6},"end":{"line":34,"column":8}},"16":{"start":{"line":37,"column":30},"end":{"line":41,"column":33}},"17":{"start":{"line":42,"column":27},"end":{"line":42,"column":103}},"18":{"start":{"line":42,"column":43},"end":{"line":42,"column":96}},"19":{"start":{"line":43,"column":6},"end":{"line":48,"column":7}},"20":{"start":{"line":44,"column":39},"end":{"line":44,"column":105}},"21":{"start":{"line":45,"column":8},"end":{"line":45,"column":42}},"22":{"start":{"line":47,"column":8},"end":{"line":47,"column":26}},"23":{"start":{"line":51,"column":33},"end":{"line":52,"column":65}},"24":{"start":{"line":53,"column":6},"end":{"line":53,"column":71}},"25":{"start":{"line":55,"column":4},"end":{"line":55,"column":10}},"26":{"start":{"line":58,"column":22},"end":{"line":72,"column":3}},"27":{"start":{"line":59,"column":4},"end":{"line":62,"column":24}},"28":{"start":{"line":65,"column":30},"end":{"line":69,"column":15}},"29":{"start":{"line":70,"column":4},"end":{"line":70,"column":23}},"30":{"start":{"line":71,"column":4},"end":{"line":71,"column":21}},"31":{"start":{"line":74,"column":20},"end":{"line":78,"column":3}},"32":{"start":{"line":75,"column":4},"end":{"line":77,"column":5}},"33":{"start":{"line":76,"column":6},"end":{"line":76,"column":72}},"34":{"start":{"line":80,"column":23},"end":{"line":82,"column":3}},"35":{"start":{"line":81,"column":4},"end":{"line":81,"column":83}},"36":{"start":{"line":81,"column":68},"end":{"line":81,"column":80}},"37":{"start":{"line":84,"column":22},"end":{"line":88,"column":3}},"38":{"start":{"line":85,"column":4},"end":{"line":87,"column":5}},"39":{"start":{"line":86,"column":6},"end":{"line":86,"column":78}},"40":{"start":{"line":90,"column":25},"end":{"line":92,"column":3}},"41":{"start":{"line":91,"column":4},"end":{"line":91,"column":89}},"42":{"start":{"line":91,"column":72},"end":{"line":91,"column":86}},"43":{"start":{"line":94,"column":2},"end":{"line":252,"column":3}},"44":{"start":{"line":95,"column":4},"end":{"line":251,"column":5}},"45":{"start":{"line":110,"column":35},"end":{"line":110,"column":88}},"46":{"start":{"line":122,"column":37},"end":{"line":122,"column":86}},"47":{"start":{"line":133,"column":37},"end":{"line":133,"column":85}},"48":{"start":{"line":145,"column":35},"end":{"line":145,"column":84}},"49":{"start":{"line":161,"column":20},"end":{"line":170,"column":29}},"50":{"start":{"line":162,"column":37},"end":{"line":162,"column":88}},"51":{"start":{"line":179,"column":20},"end":{"line":186,"column":26}},"52":{"start":{"line":185,"column":45},"end":{"line":185,"column":65}},"53":{"start":{"line":195,"column":20},"end":{"line":198,"column":21}},"54":{"start":{"line":196,"column":22},"end":{"line":196,"column":47}},"55":{"start":{"line":197,"column":22},"end":{"line":197,"column":41}},"56":{"start":{"line":207,"column":20},"end":{"line":214,"column":26}},"57":{"start":{"line":213,"column":45},"end":{"line":213,"column":69}},"58":{"start":{"line":223,"column":20},"end":{"line":226,"column":21}},"59":{"start":{"line":224,"column":22},"end":{"line":224,"column":49}},"60":{"start":{"line":225,"column":22},"end":{"line":225,"column":41}},"61":{"start":{"line":233,"column":33},"end":{"line":233,"column":50}},"62":{"start":{"line":254,"column":2},"end":{"line":429,"column":3}},"63":{"start":{"line":328,"column":24},"end":{"line":328,"column":68}},"64":{"start":{"line":341,"column":24},"end":{"line":341,"column":68}},"65":{"start":{"line":360,"column":33},"end":{"line":360,"column":49}},"66":{"start":{"line":393,"column":39},"end":{"line":393,"column":58}},"67":{"start":{"line":401,"column":41},"end":{"line":401,"column":60}},"68":{"start":{"line":409,"column":20},"end":{"line":419,"column":26}},"69":{"start":{"line":433,"column":17},"end":{"line":439,"column":3}},"70":{"start":{"line":440,"column":16},"end":{"line":440,"column":44}},"71":{"start":{"line":442,"column":2},"end":{"line":449,"column":3}}},"fnMap":{"0":{"name":"Profile","decl":{"start":{"line":5,"column":24},"end":{"line":5,"column":31}},"loc":{"start":{"line":5,"column":34},"end":{"line":430,"column":1}},"line":5},"1":{"name":"(anonymous_1)","decl":{"start":{"line":17,"column":12},"end":{"line":17,"column":13}},"loc":{"start":{"line":17,"column":18},"end":{"line":56,"column":3}},"line":17},"2":{"name":"(anonymous_2)","decl":{"start":{"line":18,"column":17},"end":{"line":18,"column":18}},"loc":{"start":{"line":18,"column":29},"end":{"line":54,"column":5}},"line":18},"3":{"name":"(anonymous_3)","decl":{"start":{"line":42,"column":38},"end":{"line":42,"column":39}},"loc":{"start":{"line":42,"column":43},"end":{"line":42,"column":96}},"line":42},"4":{"name":"(anonymous_4)","decl":{"start":{"line":58,"column":22},"end":{"line":58,"column":23}},"loc":{"start":{"line":58,"column":34},"end":{"line":72,"column":3}},"line":58},"5":{"name":"(anonymous_5)","decl":{"start":{"line":74,"column":20},"end":{"line":74,"column":21}},"loc":{"start":{"line":74,"column":32},"end":{"line":78,"column":3}},"line":74},"6":{"name":"(anonymous_6)","decl":{"start":{"line":80,"column":23},"end":{"line":80,"column":24}},"loc":{"start":{"line":80,"column":35},"end":{"line":82,"column":3}},"line":80},"7":{"name":"(anonymous_7)","decl":{"start":{"line":81,"column":63},"end":{"line":81,"column":64}},"loc":{"start":{"line":81,"column":68},"end":{"line":81,"column":80}},"line":81},"8":{"name":"(anonymous_8)","decl":{"start":{"line":84,"column":22},"end":{"line":84,"column":23}},"loc":{"start":{"line":84,"column":36},"end":{"line":88,"column":3}},"line":84},"9":{"name":"(anonymous_9)","decl":{"start":{"line":90,"column":25},"end":{"line":90,"column":26}},"loc":{"start":{"line":90,"column":39},"end":{"line":92,"column":3}},"line":90},"10":{"name":"(anonymous_10)","decl":{"start":{"line":91,"column":67},"end":{"line":91,"column":68}},"loc":{"start":{"line":91,"column":72},"end":{"line":91,"column":86}},"line":91},"11":{"name":"(anonymous_11)","decl":{"start":{"line":110,"column":28},"end":{"line":110,"column":29}},"loc":{"start":{"line":110,"column":35},"end":{"line":110,"column":88}},"line":110},"12":{"name":"(anonymous_12)","decl":{"start":{"line":122,"column":30},"end":{"line":122,"column":31}},"loc":{"start":{"line":122,"column":37},"end":{"line":122,"column":86}},"line":122},"13":{"name":"(anonymous_13)","decl":{"start":{"line":133,"column":30},"end":{"line":133,"column":31}},"loc":{"start":{"line":133,"column":37},"end":{"line":133,"column":85}},"line":133},"14":{"name":"(anonymous_14)","decl":{"start":{"line":145,"column":28},"end":{"line":145,"column":29}},"loc":{"start":{"line":145,"column":35},"end":{"line":145,"column":84}},"line":145},"15":{"name":"(anonymous_15)","decl":{"start":{"line":160,"column":24},"end":{"line":160,"column":25}},"loc":{"start":{"line":161,"column":20},"end":{"line":170,"column":29}},"line":161},"16":{"name":"(anonymous_16)","decl":{"start":{"line":162,"column":31},"end":{"line":162,"column":32}},"loc":{"start":{"line":162,"column":37},"end":{"line":162,"column":88}},"line":162},"17":{"name":"(anonymous_17)","decl":{"start":{"line":178,"column":40},"end":{"line":178,"column":41}},"loc":{"start":{"line":179,"column":20},"end":{"line":186,"column":26}},"line":179},"18":{"name":"(anonymous_18)","decl":{"start":{"line":185,"column":39},"end":{"line":185,"column":40}},"loc":{"start":{"line":185,"column":45},"end":{"line":185,"column":65}},"line":185},"19":{"name":"(anonymous_19)","decl":{"start":{"line":194,"column":30},"end":{"line":194,"column":31}},"loc":{"start":{"line":194,"column":37},"end":{"line":199,"column":19}},"line":194},"20":{"name":"(anonymous_20)","decl":{"start":{"line":206,"column":42},"end":{"line":206,"column":43}},"loc":{"start":{"line":207,"column":20},"end":{"line":214,"column":26}},"line":207},"21":{"name":"(anonymous_21)","decl":{"start":{"line":213,"column":39},"end":{"line":213,"column":40}},"loc":{"start":{"line":213,"column":45},"end":{"line":213,"column":69}},"line":213},"22":{"name":"(anonymous_22)","decl":{"start":{"line":222,"column":30},"end":{"line":222,"column":31}},"loc":{"start":{"line":222,"column":37},"end":{"line":227,"column":19}},"line":222},"23":{"name":"(anonymous_23)","decl":{"start":{"line":233,"column":27},"end":{"line":233,"column":28}},"loc":{"start":{"line":233,"column":33},"end":{"line":233,"column":50}},"line":233},"24":{"name":"(anonymous_24)","decl":{"start":{"line":327,"column":43},"end":{"line":327,"column":44}},"loc":{"start":{"line":328,"column":24},"end":{"line":328,"column":68}},"line":328},"25":{"name":"(anonymous_25)","decl":{"start":{"line":340,"column":45},"end":{"line":340,"column":46}},"loc":{"start":{"line":341,"column":24},"end":{"line":341,"column":68}},"line":341},"26":{"name":"(anonymous_26)","decl":{"start":{"line":360,"column":27},"end":{"line":360,"column":28}},"loc":{"start":{"line":360,"column":33},"end":{"line":360,"column":49}},"line":360},"27":{"name":"(anonymous_27)","decl":{"start":{"line":393,"column":33},"end":{"line":393,"column":34}},"loc":{"start":{"line":393,"column":39},"end":{"line":393,"column":58}},"line":393},"28":{"name":"(anonymous_28)","decl":{"start":{"line":401,"column":35},"end":{"line":401,"column":36}},"loc":{"start":{"line":401,"column":41},"end":{"line":401,"column":60}},"line":401},"29":{"name":"(anonymous_29)","decl":{"start":{"line":408,"column":35},"end":{"line":408,"column":36}},"loc":{"start":{"line":409,"column":20},"end":{"line":419,"column":26}},"line":409},"30":{"name":"Tag","decl":{"start":{"line":432,"column":9},"end":{"line":432,"column":12}},"loc":{"start":{"line":432,"column":30},"end":{"line":450,"column":1}},"line":432}},"branchMap":{"0":{"loc":{"start":{"line":20,"column":6},"end":{"line":20,"column":37}},"type":"if","locations":[{"start":{"line":20,"column":6},"end":{"line":20,"column":37}},{"start":{},"end":{}}],"line":20},"1":{"loc":{"start":{"line":27,"column":22},"end":{"line":27,"column":49}},"type":"binary-expr","locations":[{"start":{"line":27,"column":22},"end":{"line":27,"column":40}},{"start":{"line":27,"column":47},"end":{"line":27,"column":49}}],"line":27},"2":{"loc":{"start":{"line":28,"column":22},"end":{"line":28,"column":49}},"type":"binary-expr","locations":[{"start":{"line":28,"column":22},"end":{"line":28,"column":36}},{"start":{"line":28,"column":47},"end":{"line":28,"column":49}}],"line":28},"3":{"loc":{"start":{"line":29,"column":22},"end":{"line":29,"column":49}},"type":"binary-expr","locations":[{"start":{"line":29,"column":22},"end":{"line":29,"column":35}},{"start":{"line":29,"column":47},"end":{"line":29,"column":49}}],"line":29},"4":{"loc":{"start":{"line":30,"column":22},"end":{"line":30,"column":49}},"type":"binary-expr","locations":[{"start":{"line":30,"column":22},"end":{"line":30,"column":36}},{"start":{"line":30,"column":47},"end":{"line":30,"column":49}}],"line":30},"5":{"loc":{"start":{"line":31,"column":22},"end":{"line":31,"column":49}},"type":"binary-expr","locations":[{"start":{"line":31,"column":22},"end":{"line":31,"column":38}},{"start":{"line":31,"column":47},"end":{"line":31,"column":49}}],"line":31},"6":{"loc":{"start":{"line":32,"column":22},"end":{"line":32,"column":49}},"type":"binary-expr","locations":[{"start":{"line":32,"column":22},"end":{"line":32,"column":40}},{"start":{"line":32,"column":47},"end":{"line":32,"column":49}}],"line":32},"7":{"loc":{"start":{"line":33,"column":22},"end":{"line":33,"column":58}},"type":"binary-expr","locations":[{"start":{"line":33,"column":22},"end":{"line":33,"column":43}},{"start":{"line":33,"column":47},"end":{"line":33,"column":58}}],"line":33},"8":{"loc":{"start":{"line":42,"column":27},"end":{"line":42,"column":103}},"type":"binary-expr","locations":[{"start":{"line":42,"column":27},"end":{"line":42,"column":97}},{"start":{"line":42,"column":101},"end":{"line":42,"column":103}}],"line":42},"9":{"loc":{"start":{"line":42,"column":43},"end":{"line":42,"column":96}},"type":"cond-expr","locations":[{"start":{"line":42,"column":69},"end":{"line":42,"column":82}},{"start":{"line":42,"column":85},"end":{"line":42,"column":96}}],"line":42},"10":{"loc":{"start":{"line":43,"column":6},"end":{"line":48,"column":7}},"type":"if","locations":[{"start":{"line":43,"column":6},"end":{"line":48,"column":7}},{"start":{"line":46,"column":13},"end":{"line":48,"column":7}}],"line":43},"11":{"loc":{"start":{"line":45,"column":23},"end":{"line":45,"column":41}},"type":"binary-expr","locations":[{"start":{"line":45,"column":23},"end":{"line":45,"column":35}},{"start":{"line":45,"column":39},"end":{"line":45,"column":41}}],"line":45},"12":{"loc":{"start":{"line":53,"column":21},"end":{"line":53,"column":70}},"type":"binary-expr","locations":[{"start":{"line":53,"column":21},"end":{"line":53,"column":37}},{"start":{"line":53,"column":41},"end":{"line":53,"column":65}},{"start":{"line":53,"column":69},"end":{"line":53,"column":70}}],"line":53},"13":{"loc":{"start":{"line":75,"column":4},"end":{"line":77,"column":5}},"type":"if","locations":[{"start":{"line":75,"column":4},"end":{"line":77,"column":5}},{"start":{},"end":{}}],"line":75},"14":{"loc":{"start":{"line":75,"column":8},"end":{"line":75,"column":52}},"type":"binary-expr","locations":[{"start":{"line":75,"column":8},"end":{"line":75,"column":14}},{"start":{"line":75,"column":18},"end":{"line":75,"column":52}}],"line":75},"15":{"loc":{"start":{"line":85,"column":4},"end":{"line":87,"column":5}},"type":"if","locations":[{"start":{"line":85,"column":4},"end":{"line":87,"column":5}},{"start":{},"end":{}}],"line":85},"16":{"loc":{"start":{"line":85,"column":8},"end":{"line":85,"column":58}},"type":"binary-expr","locations":[{"start":{"line":85,"column":8},"end":{"line":85,"column":16}},{"start":{"line":85,"column":20},"end":{"line":85,"column":58}}],"line":85},"17":{"loc":{"start":{"line":94,"column":2},"end":{"line":252,"column":3}},"type":"if","locations":[{"start":{"line":94,"column":2},"end":{"line":252,"column":3}},{"start":{},"end":{}}],"line":94},"18":{"loc":{"start":{"line":165,"column":37},"end":{"line":165,"column":102}},"type":"cond-expr","locations":[{"start":{"line":165,"column":75},"end":{"line":165,"column":84}},{"start":{"line":165,"column":87},"end":{"line":165,"column":102}}],"line":165},"19":{"loc":{"start":{"line":166,"column":36},"end":{"line":166,"column":104}},"type":"cond-expr","locations":[{"start":{"line":166,"column":74},"end":{"line":166,"column":90}},{"start":{"line":166,"column":93},"end":{"line":166,"column":104}}],"line":166},"20":{"loc":{"start":{"line":167,"column":31},"end":{"line":167,"column":100}},"type":"cond-expr","locations":[{"start":{"line":167,"column":69},"end":{"line":167,"column":78}},{"start":{"line":167,"column":81},"end":{"line":167,"column":100}}],"line":167},"21":{"loc":{"start":{"line":195,"column":20},"end":{"line":198,"column":21}},"type":"if","locations":[{"start":{"line":195,"column":20},"end":{"line":198,"column":21}},{"start":{},"end":{}}],"line":195},"22":{"loc":{"start":{"line":223,"column":20},"end":{"line":226,"column":21}},"type":"if","locations":[{"start":{"line":223,"column":20},"end":{"line":226,"column":21}},{"start":{},"end":{}}],"line":223},"23":{"loc":{"start":{"line":277,"column":19},"end":{"line":277,"column":72}},"type":"binary-expr","locations":[{"start":{"line":277,"column":19},"end":{"line":277,"column":42}},{"start":{"line":277,"column":46},"end":{"line":277,"column":65}},{"start":{"line":277,"column":69},"end":{"line":277,"column":72}}],"line":277},"24":{"loc":{"start":{"line":284,"column":19},"end":{"line":284,"column":52}},"type":"binary-expr","locations":[{"start":{"line":284,"column":19},"end":{"line":284,"column":37}},{"start":{"line":284,"column":41},"end":{"line":284,"column":52}}],"line":284},"25":{"loc":{"start":{"line":287,"column":19},"end":{"line":287,"column":51}},"type":"binary-expr","locations":[{"start":{"line":287,"column":19},"end":{"line":287,"column":33}},{"start":{"line":287,"column":37},"end":{"line":287,"column":51}}],"line":287},"26":{"loc":{"start":{"line":287,"column":54},"end":{"line":287,"column":94}},"type":"cond-expr","locations":[{"start":{"line":287,"column":70},"end":{"line":287,"column":89}},{"start":{"line":287,"column":92},"end":{"line":287,"column":94}}],"line":287},"27":{"loc":{"start":{"line":294,"column":21},"end":{"line":294,"column":74}},"type":"binary-expr","locations":[{"start":{"line":294,"column":21},"end":{"line":294,"column":57}},{"start":{"line":294,"column":61},"end":{"line":294,"column":74}}],"line":294},"28":{"loc":{"start":{"line":295,"column":21},"end":{"line":295,"column":70}},"type":"binary-expr","locations":[{"start":{"line":295,"column":21},"end":{"line":295,"column":53}},{"start":{"line":295,"column":61},"end":{"line":295,"column":70}}],"line":295},"29":{"loc":{"start":{"line":296,"column":21},"end":{"line":296,"column":117}},"type":"binary-expr","locations":[{"start":{"line":296,"column":22},"end":{"line":296,"column":44}},{"start":{"line":296,"column":48},"end":{"line":296,"column":85}},{"start":{"line":296,"column":90},"end":{"line":296,"column":117}}],"line":296},"30":{"loc":{"start":{"line":313,"column":21},"end":{"line":313,"column":50}},"type":"binary-expr","locations":[{"start":{"line":313,"column":21},"end":{"line":313,"column":45}},{"start":{"line":313,"column":49},"end":{"line":313,"column":50}}],"line":313},"31":{"loc":{"start":{"line":321,"column":17},"end":{"line":332,"column":17}},"type":"binary-expr","locations":[{"start":{"line":321,"column":17},"end":{"line":321,"column":33}},{"start":{"line":321,"column":37},"end":{"line":321,"column":63}},{"start":{"line":322,"column":18},"end":{"line":331,"column":24}}],"line":321},"32":{"loc":{"start":{"line":334,"column":17},"end":{"line":345,"column":17}},"type":"binary-expr","locations":[{"start":{"line":334,"column":17},"end":{"line":334,"column":35}},{"start":{"line":334,"column":39},"end":{"line":334,"column":67}},{"start":{"line":335,"column":18},"end":{"line":344,"column":24}}],"line":334},"33":{"loc":{"start":{"line":355,"column":21},"end":{"line":355,"column":85}},"type":"binary-expr","locations":[{"start":{"line":355,"column":21},"end":{"line":355,"column":35}},{"start":{"line":355,"column":39},"end":{"line":355,"column":85}}],"line":355},"34":{"loc":{"start":{"line":398,"column":15},"end":{"line":422,"column":15}},"type":"cond-expr","locations":[{"start":{"line":399,"column":16},"end":{"line":405,"column":22}},{"start":{"line":407,"column":16},"end":{"line":421,"column":22}}],"line":398},"35":{"loc":{"start":{"line":413,"column":25},"end":{"line":413,"column":64}},"type":"binary-expr","locations":[{"start":{"line":413,"column":25},"end":{"line":413,"column":41}},{"start":{"line":413,"column":45},"end":{"line":413,"column":57}},{"start":{"line":413,"column":61},"end":{"line":413,"column":64}}],"line":413},"36":{"loc":{"start":{"line":416,"column":98},"end":{"line":416,"column":120}},"type":"binary-expr","locations":[{"start":{"line":416,"column":98},"end":{"line":416,"column":109}},{"start":{"line":416,"column":113},"end":{"line":416,"column":120}}],"line":416},"37":{"loc":{"start":{"line":417,"column":94},"end":{"line":417,"column":114}},"type":"binary-expr","locations":[{"start":{"line":417,"column":94},"end":{"line":417,"column":101}},{"start":{"line":417,"column":105},"end":{"line":417,"column":114}}],"line":417},"38":{"loc":{"start":{"line":440,"column":16},"end":{"line":440,"column":44}},"type":"binary-expr","locations":[{"start":{"line":440,"column":16},"end":{"line":440,"column":29}},{"start":{"line":440,"column":33},"end":{"line":440,"column":44}}],"line":440}},"s":{"0":25,"1":25,"2":25,"3":25,"4":25,"5":25,"6":25,"7":25,"8":12,"9":12,"10":12,"11":0,"12":12,"13":12,"14":12,"15":12,"16":12,"17":12,"18":0,"19":12,"20":0,"21":0,"22":12,"23":12,"24":12,"25":12,"26":25,"27":1,"28":1,"29":1,"30":1,"31":25,"32":0,"33":0,"34":25,"35":0,"36":0,"37":25,"38":0,"39":0,"40":25,"41":0,"42":0,"43":25,"44":5,"45":0,"46":0,"47":0,"48":0,"49":15,"50":0,"51":10,"52":0,"53":0,"54":0,"55":0,"56":10,"57":0,"58":0,"59":0,"60":0,"61":1,"62":20,"63":16,"64":16,"65":5,"66":0,"67":0,"68":0,"69":32,"70":32,"71":32},"f":{"0":25,"1":12,"2":12,"3":0,"4":1,"5":0,"6":0,"7":0,"8":0,"9":0,"10":0,"11":0,"12":0,"13":0,"14":0,"15":15,"16":0,"17":10,"18":0,"19":0,"20":10,"21":0,"22":0,"23":1,"24":16,"25":16,"26":5,"27":0,"28":0,"29":0,"30":32},"b":{"0":[0,12],"1":[12,0],"2":[12,0],"3":[12,0],"4":[12,0],"5":[12,0],"6":[12,0],"7":[12,0],"8":[12,12],"9":[0,0],"10":[0,12],"11":[0,0],"12":[12,12,0],"13":[0,0],"14":[0,0],"15":[0,0],"16":[0,0],"17":[5,20],"18":[5,10],"19":[5,10],"20":[5,10],"21":[0,0],"22":[0,0],"23":[20,12,12],"24":[20,12],"25":[20,12],"26":[8,12],"27":[20,0],"28":[20,0],"29":[20,8,20],"30":[20,12],"31":[20,8,8],"32":[20,8,8],"33":[20,12],"34":[20,0],"35":[0,0,0],"36":[0,0],"37":[0,0],"38":[32,0]},"_coverageSchema":"1a1c01bbd47fc00a2c39e90264f33305004495a9","hash":"7a056998ade6cc29dbfb95870241359d871edd51"}
}
