TN:
SF:src\pages\Courses.jsx
FN:5,Courses
FN:17,(anonymous_1)
FN:18,(anonymous_2)
FN:29,(anonymous_3)
FN:31,(anonymous_4)
FN:46,(anonymous_5)
FN:49,(anonymous_6)
FN:58,(anonymous_7)
FN:65,(anonymous_8)
FN:74,(anonymous_9)
FN:79,(anonymous_10)
FN:79,(anonymous_11)
FN:97,(anonymous_12)
FN:111,(anonymous_13)
FN:117,(anonymous_14)
FN:122,(anonymous_15)
FN:126,(anonymous_16)
FN:127,(anonymous_17)
FN:132,(anonymous_18)
FN:142,(anonymous_19)
FN:169,(anonymous_20)
FN:175,(anonymous_21)
FN:188,(anonymous_22)
FN:193,(anonymous_23)
FN:209,(anonymous_24)
FN:209,(anonymous_25)
FN:216,(anonymous_26)
FN:224,AddCourseModal
FN:229,(anonymous_28)
FN:247,(anonymous_29)
FN:252,(anonymous_30)
FN:258,(anonymous_31)
FN:274,MembersModal
FN:278,(anonymous_33)
FN:279,(anonymous_34)
FN:281,(anonymous_35)
FN:292,(anonymous_36)
FN:301,(anonymous_37)
FN:311,(anonymous_38)
FN:311,(anonymous_39)
FN:311,(anonymous_40)
FNF:41
FNH:8
FNDA:12,Courses
FNDA:6,(anonymous_1)
FNDA:6,(anonymous_2)
FNDA:6,(anonymous_3)
FNDA:0,(anonymous_4)
FNDA:0,(anonymous_5)
FNDA:0,(anonymous_6)
FNDA:0,(anonymous_7)
FNDA:0,(anonymous_8)
FNDA:0,(anonymous_9)
FNDA:0,(anonymous_10)
FNDA:0,(anonymous_11)
FNDA:3,(anonymous_12)
FNDA:0,(anonymous_13)
FNDA:0,(anonymous_14)
FNDA:0,(anonymous_15)
FNDA:0,(anonymous_16)
FNDA:0,(anonymous_17)
FNDA:0,(anonymous_18)
FNDA:0,(anonymous_19)
FNDA:0,(anonymous_20)
FNDA:0,(anonymous_21)
FNDA:0,(anonymous_22)
FNDA:0,(anonymous_23)
FNDA:1,(anonymous_24)
FNDA:0,(anonymous_25)
FNDA:0,(anonymous_26)
FNDA:3,AddCourseModal
FNDA:0,(anonymous_28)
FNDA:1,(anonymous_29)
FNDA:0,(anonymous_30)
FNDA:0,(anonymous_31)
FNDA:0,MembersModal
FNDA:0,(anonymous_33)
FNDA:0,(anonymous_34)
FNDA:0,(anonymous_35)
FNDA:0,(anonymous_36)
FNDA:0,(anonymous_37)
FNDA:0,(anonymous_38)
FNDA:0,(anonymous_39)
FNDA:0,(anonymous_40)
DA:6,12
DA:7,12
DA:8,12
DA:9,12
DA:10,12
DA:11,12
DA:12,12
DA:13,12
DA:15,12
DA:17,12
DA:18,6
DA:19,6
DA:20,6
DA:21,6
DA:22,6
DA:23,6
DA:24,6
DA:26,6
DA:29,12
DA:30,6
DA:31,6
DA:32,6
DA:33,6
DA:34,6
DA:35,6
DA:37,6
DA:38,6
DA:39,0
DA:40,0
DA:41,0
DA:43,6
DA:46,12
DA:47,0
DA:48,0
DA:49,0
DA:50,0
DA:55,0
DA:58,12
DA:59,0
DA:60,0
DA:61,0
DA:65,12
DA:66,0
DA:67,0
DA:68,0
DA:69,0
DA:70,0
DA:74,12
DA:75,0
DA:76,0
DA:79,12
DA:81,12
DA:97,3
DA:111,0
DA:118,0
DA:119,0
DA:122,0
DA:126,0
DA:127,0
DA:132,0
DA:142,0
DA:170,0
DA:171,0
DA:175,0
DA:188,0
DA:193,0
DA:209,1
DA:216,0
DA:225,3
DA:226,3
DA:227,3
DA:229,3
DA:230,0
DA:231,0
DA:232,0
DA:233,0
DA:237,0
DA:241,0
DA:242,0
DA:245,3
DA:247,1
DA:252,0
DA:258,0
DA:275,0
DA:276,0
DA:278,0
DA:279,0
DA:280,0
DA:281,0
DA:282,0
DA:283,0
DA:284,0
DA:285,0
DA:287,0
DA:290,0
DA:292,0
DA:302,0
DA:311,0
LF:98
LH:42
BRDA:20,0,0,0
BRDA:20,0,1,6
BRDA:31,1,0,6
BRDA:31,1,1,6
BRDA:33,2,0,6
BRDA:33,2,1,6
BRDA:35,3,0,6
BRDA:35,3,1,6
BRDA:38,4,0,6
BRDA:38,4,1,6
BRDA:41,5,0,0
BRDA:41,5,1,0
BRDA:41,6,0,0
BRDA:41,6,1,0
BRDA:52,7,0,0
BRDA:52,7,1,0
BRDA:66,8,0,0
BRDA:66,8,1,0
BRDA:92,9,0,12
BRDA:92,9,1,6
BRDA:106,10,0,12
BRDA:106,10,1,0
BRDA:118,11,0,0
BRDA:118,11,1,0
BRDA:125,12,0,0
BRDA:125,12,1,0
BRDA:141,13,0,0
BRDA:141,13,1,0
BRDA:165,14,0,12
BRDA:165,14,1,0
BRDA:170,15,0,0
BRDA:170,15,1,0
BRDA:174,16,0,0
BRDA:174,16,1,0
BRDA:208,17,0,12
BRDA:208,17,1,3
BRDA:213,18,0,12
BRDA:213,18,1,0
BRDA:230,19,0,0
BRDA:230,19,1,0
BRDA:230,20,0,0
BRDA:230,20,1,0
BRDA:264,21,0,0
BRDA:264,21,1,3
BRDA:265,22,0,0
BRDA:265,22,1,3
BRDA:281,23,0,0
BRDA:281,23,1,0
BRDA:282,24,0,0
BRDA:282,24,1,0
BRDA:284,25,0,0
BRDA:284,25,1,0
BRDA:295,26,0,0
BRDA:295,26,1,0
BRDA:297,27,0,0
BRDA:297,27,1,0
BRDA:305,28,0,0
BRDA:305,28,1,0
BRDA:305,28,2,0
BRDA:308,29,0,0
BRDA:308,29,1,0
BRDA:309,30,0,0
BRDA:309,30,1,0
BRF:63
BRH:18
end_of_record
TN:
SF:src\pages\Login.jsx
FN:5,Login
FN:14,(anonymous_1)
FN:78,(anonymous_2)
FN:133,(anonymous_3)
FN:134,(anonymous_4)
FN:142,(anonymous_5)
FN:153,Field
FN:163,(anonymous_7)
FN:166,(anonymous_8)
FN:167,(anonymous_9)
FNF:10
FNH:6
FNDA:46,Login
FNDA:7,(anonymous_1)
FNDA:138,(anonymous_2)
FNDA:0,(anonymous_3)
FNDA:0,(anonymous_4)
FNDA:6,(anonymous_5)
FNDA:107,Field
FNDA:16,(anonymous_7)
FNDA:0,(anonymous_8)
FNDA:0,(anonymous_9)
DA:6,46
DA:7,46
DA:8,46
DA:9,46
DA:10,46
DA:11,46
DA:12,46
DA:14,46
DA:15,7
DA:16,7
DA:18,7
DA:19,2
DA:23,2
DA:24,2
DA:26,5
DA:27,4
DA:28,2
DA:30,6
DA:33,46
DA:79,138
DA:133,0
DA:134,0
DA:142,6
DA:154,107
DA:155,107
DA:163,16
DA:166,0
DA:167,0
LF:28
LH:24
BRDA:18,0,0,2
BRDA:18,0,1,5
BRDA:23,1,0,0
BRDA:23,1,1,2
BRDA:27,2,0,2
BRDA:27,2,1,2
BRDA:99,3,0,15
BRDA:99,3,1,31
BRDA:102,4,0,15
BRDA:102,4,1,31
BRDA:106,5,0,46
BRDA:106,5,1,15
BRDA:112,6,0,46
BRDA:112,6,1,4
BRDA:115,7,0,2
BRDA:115,7,1,2
BRDA:116,8,0,2
BRDA:116,8,1,2
BRDA:117,9,0,2
BRDA:117,9,1,2
BRDA:130,10,0,7
BRDA:130,10,1,39
BRDA:133,11,0,0
BRDA:133,11,1,0
BRDA:136,12,0,7
BRDA:136,12,1,39
BRDA:136,13,0,13
BRDA:136,13,1,26
BRDA:141,14,0,15
BRDA:141,14,1,31
BRDA:144,15,0,15
BRDA:144,15,1,31
BRDA:170,16,0,0
BRDA:170,16,1,107
BRDA:171,17,0,0
BRDA:171,17,1,107
BRDA:173,18,0,0
BRDA:173,18,1,107
BRF:38
BRH:32
end_of_record
TN:
SF:src\pages\People.jsx
FN:5,computeCompatibility
FN:10,(anonymous_1)
FN:11,(anonymous_2)
FN:21,getMatchLabel
FN:28,People
FN:39,(anonymous_5)
FN:40,(anonymous_6)
FN:47,(anonymous_7)
FN:48,(anonymous_8)
FN:54,(anonymous_9)
FN:62,(anonymous_10)
FN:63,(anonymous_11)
FN:74,(anonymous_12)
FN:75,(anonymous_13)
FN:81,(anonymous_14)
FN:88,(anonymous_15)
FN:94,(anonymous_16)
FN:104,(anonymous_17)
FN:107,(anonymous_18)
FN:110,(anonymous_19)
FN:111,(anonymous_20)
FN:112,(anonymous_21)
FN:113,(anonymous_22)
FN:114,(anonymous_23)
FN:117,(anonymous_24)
FN:118,(anonymous_25)
FN:145,(anonymous_26)
FN:155,(anonymous_27)
FN:160,(anonymous_28)
FN:161,(anonymous_29)
FN:162,(anonymous_30)
FN:163,(anonymous_31)
FN:167,(anonymous_32)
FN:168,(anonymous_33)
FN:174,(anonymous_34)
FN:194,(anonymous_35)
FN:232,(anonymous_36)
FN:239,(anonymous_37)
FN:247,(anonymous_38)
FN:254,(anonymous_39)
FN:261,(anonymous_40)
FN:269,(anonymous_41)
FN:274,(anonymous_42)
FN:282,(anonymous_43)
FN:288,(anonymous_44)
FN:304,FilterOption
FNF:46
FNH:7
FNDA:0,computeCompatibility
FNDA:0,(anonymous_1)
FNDA:0,(anonymous_2)
FNDA:0,getMatchLabel
FNDA:11,People
FNDA:5,(anonymous_5)
FNDA:5,(anonymous_6)
FNDA:0,(anonymous_7)
FNDA:0,(anonymous_8)
FNDA:0,(anonymous_9)
FNDA:0,(anonymous_10)
FNDA:0,(anonymous_11)
FNDA:0,(anonymous_12)
FNDA:0,(anonymous_13)
FNDA:0,(anonymous_14)
FNDA:0,(anonymous_15)
FNDA:0,(anonymous_16)
FNDA:0,(anonymous_17)
FNDA:0,(anonymous_18)
FNDA:0,(anonymous_19)
FNDA:0,(anonymous_20)
FNDA:0,(anonymous_21)
FNDA:0,(anonymous_22)
FNDA:0,(anonymous_23)
FNDA:0,(anonymous_24)
FNDA:0,(anonymous_25)
FNDA:0,(anonymous_26)
FNDA:1,(anonymous_27)
FNDA:0,(anonymous_28)
FNDA:0,(anonymous_29)
FNDA:1,(anonymous_30)
FNDA:0,(anonymous_31)
FNDA:0,(anonymous_32)
FNDA:0,(anonymous_33)
FNDA:12,(anonymous_34)
FNDA:0,(anonymous_35)
FNDA:0,(anonymous_36)
FNDA:0,(anonymous_37)
FNDA:0,(anonymous_38)
FNDA:0,(anonymous_39)
FNDA:0,(anonymous_40)
FNDA:0,(anonymous_41)
FNDA:0,(anonymous_42)
FNDA:0,(anonymous_43)
FNDA:0,(anonymous_44)
FNDA:66,FilterOption
DA:6,0
DA:7,0
DA:8,0
DA:9,0
DA:10,0
DA:11,0
DA:12,0
DA:13,0
DA:14,0
DA:15,0
DA:16,0
DA:17,0
DA:18,0
DA:22,0
DA:23,0
DA:24,0
DA:25,0
DA:29,11
DA:30,11
DA:31,11
DA:32,11
DA:33,11
DA:34,11
DA:35,11
DA:36,11
DA:37,11
DA:39,11
DA:40,5
DA:41,5
DA:42,5
DA:43,5
DA:44,5
DA:45,5
DA:46,5
DA:47,0
DA:48,0
DA:49,0
DA:51,5
DA:54,11
DA:55,0
DA:58,0
DA:62,11
DA:63,0
DA:64,0
DA:67,0
DA:68,0
DA:69,0
DA:70,0
DA:71,0
DA:74,11
DA:75,0
DA:76,0
DA:81,11
DA:82,0
DA:83,0
DA:84,0
DA:85,0
DA:88,11
DA:89,0
DA:90,0
DA:91,0
DA:94,11
DA:95,0
DA:96,0
DA:97,0
DA:101,11
DA:102,11
DA:103,1
DA:104,1
DA:105,0
DA:107,0
DA:110,11
DA:111,11
DA:112,11
DA:113,11
DA:114,11
DA:116,11
DA:117,11
DA:118,11
DA:120,11
DA:145,0
DA:155,1
DA:160,0
DA:161,0
DA:162,1
DA:163,0
DA:167,0
DA:168,0
DA:175,12
DA:195,0
DA:196,0
DA:197,0
DA:232,0
DA:239,0
DA:247,0
DA:254,0
DA:261,0
DA:269,0
DA:274,0
DA:282,0
DA:288,0
DA:305,66
LF:102
LH:41
BRDA:6,0,0,0
BRDA:6,0,1,0
BRDA:7,1,0,0
BRDA:7,1,1,0
BRDA:8,2,0,0
BRDA:8,2,1,0
BRDA:9,3,0,0
BRDA:9,3,1,0
BRDA:14,4,0,0
BRDA:14,4,1,0
BRDA:15,5,0,0
BRDA:15,5,1,0
BRDA:16,6,0,0
BRDA:16,6,1,0
BRDA:16,7,0,0
BRDA:16,7,1,0
BRDA:16,7,2,0
BRDA:22,8,0,0
BRDA:22,8,1,0
BRDA:23,9,0,0
BRDA:23,9,1,0
BRDA:24,10,0,0
BRDA:24,10,1,0
BRDA:42,11,0,0
BRDA:42,11,1,5
BRDA:47,12,0,0
BRDA:47,12,1,0
BRDA:58,13,0,0
BRDA:58,13,1,0
BRDA:64,14,0,0
BRDA:64,14,1,0
BRDA:64,14,2,0
BRDA:64,14,3,0
BRDA:67,15,0,0
BRDA:67,15,1,0
BRDA:68,16,0,0
BRDA:68,16,1,0
BRDA:69,17,0,0
BRDA:69,17,1,0
BRDA:69,18,0,0
BRDA:69,18,1,0
BRDA:70,19,0,0
BRDA:70,19,1,0
BRDA:70,20,0,0
BRDA:70,20,1,0
BRDA:76,21,0,0
BRDA:76,21,1,0
BRDA:76,21,2,0
BRDA:76,21,3,0
BRDA:102,22,0,1
BRDA:102,22,1,10
BRDA:105,23,0,0
BRDA:105,23,1,0
BRDA:105,23,2,0
BRDA:105,24,0,0
BRDA:105,24,1,0
BRDA:106,25,0,0
BRDA:106,25,1,0
BRDA:107,26,0,0
BRDA:107,26,1,0
BRDA:110,27,0,0
BRDA:110,27,1,11
BRDA:111,28,0,1
BRDA:111,28,1,10
BRDA:112,29,0,0
BRDA:112,29,1,11
BRDA:113,30,0,11
BRDA:113,30,1,0
BRDA:114,31,0,0
BRDA:114,31,1,11
BRDA:114,32,0,0
BRDA:114,32,1,0
BRDA:114,33,0,0
BRDA:114,33,1,0
BRDA:116,34,0,11
BRDA:116,34,1,5
BRDA:116,35,0,11
BRDA:116,35,1,5
BRDA:117,36,0,0
BRDA:117,36,1,0
BRDA:126,37,0,11
BRDA:126,37,1,0
BRDA:129,38,0,11
BRDA:129,38,1,0
BRDA:132,39,0,0
BRDA:132,39,1,0
BRDA:138,40,0,11
BRDA:138,40,1,5
BRDA:170,41,0,11
BRDA:170,41,1,6
BRDA:187,42,0,11
BRDA:187,42,1,11
BRDA:199,43,0,0
BRDA:199,43,1,0
BRDA:203,44,0,0
BRDA:203,44,1,0
BRDA:203,44,2,0
BRDA:207,45,0,0
BRDA:207,45,1,0
BRDA:208,46,0,0
BRDA:208,46,1,0
BRDA:212,47,0,0
BRDA:212,47,1,0
BRDA:212,48,0,0
BRDA:212,48,1,0
BRDA:214,49,0,0
BRDA:214,49,1,0
BRDA:222,50,0,0
BRDA:222,50,1,0
BRDA:228,51,0,0
BRDA:228,51,1,0
BRDA:230,52,0,0
BRDA:230,52,1,0
BRDA:237,53,0,0
BRDA:237,53,1,0
BRDA:243,54,0,0
BRDA:243,54,1,0
BRDA:245,55,0,0
BRDA:245,55,1,0
BRDA:245,55,2,0
BRDA:253,56,0,0
BRDA:253,56,1,0
BRDA:260,57,0,0
BRDA:260,57,1,0
BRDA:267,58,0,0
BRDA:267,58,1,0
BRDA:281,59,0,0
BRDA:281,59,1,0
BRDA:307,60,0,22
BRDA:307,60,1,44
BRDA:309,61,0,22
BRDA:309,61,1,44
BRDA:309,62,0,22
BRDA:309,62,1,44
BRDA:310,63,0,66
BRDA:310,63,1,22
BRDA:312,64,0,22
BRDA:312,64,1,44
BRF:138
BRH:31
end_of_record
TN:
SF:src\pages\Profile.jsx
FN:5,Profile
FN:17,(anonymous_1)
FN:18,(anonymous_2)
FN:42,(anonymous_3)
FN:58,(anonymous_4)
FN:74,(anonymous_5)
FN:80,(anonymous_6)
FN:81,(anonymous_7)
FN:84,(anonymous_8)
FN:90,(anonymous_9)
FN:91,(anonymous_10)
FN:110,(anonymous_11)
FN:122,(anonymous_12)
FN:133,(anonymous_13)
FN:145,(anonymous_14)
FN:160,(anonymous_15)
FN:162,(anonymous_16)
FN:178,(anonymous_17)
FN:185,(anonymous_18)
FN:194,(anonymous_19)
FN:206,(anonymous_20)
FN:213,(anonymous_21)
FN:222,(anonymous_22)
FN:233,(anonymous_23)
FN:327,(anonymous_24)
FN:340,(anonymous_25)
FN:360,(anonymous_26)
FN:393,(anonymous_27)
FN:401,(anonymous_28)
FN:408,(anonymous_29)
FN:432,Tag
FNF:31
FNH:12
FNDA:25,Profile
FNDA:12,(anonymous_1)
FNDA:12,(anonymous_2)
FNDA:0,(anonymous_3)
FNDA:1,(anonymous_4)
FNDA:0,(anonymous_5)
FNDA:0,(anonymous_6)
FNDA:0,(anonymous_7)
FNDA:0,(anonymous_8)
FNDA:0,(anonymous_9)
FNDA:0,(anonymous_10)
FNDA:0,(anonymous_11)
FNDA:0,(anonymous_12)
FNDA:0,(anonymous_13)
FNDA:0,(anonymous_14)
FNDA:15,(anonymous_15)
FNDA:0,(anonymous_16)
FNDA:10,(anonymous_17)
FNDA:0,(anonymous_18)
FNDA:0,(anonymous_19)
FNDA:10,(anonymous_20)
FNDA:0,(anonymous_21)
FNDA:0,(anonymous_22)
FNDA:1,(anonymous_23)
FNDA:16,(anonymous_24)
FNDA:16,(anonymous_25)
FNDA:5,(anonymous_26)
FNDA:0,(anonymous_27)
FNDA:0,(anonymous_28)
FNDA:0,(anonymous_29)
FNDA:32,Tag
DA:6,25
DA:7,25
DA:8,25
DA:9,25
DA:10,25
DA:11,25
DA:15,25
DA:17,25
DA:18,12
DA:19,12
DA:20,12
DA:21,12
DA:23,12
DA:25,12
DA:26,12
DA:37,12
DA:42,12
DA:43,12
DA:44,0
DA:45,0
DA:47,12
DA:51,12
DA:53,12
DA:55,12
DA:58,25
DA:59,1
DA:65,1
DA:70,1
DA:71,1
DA:74,25
DA:75,0
DA:76,0
DA:80,25
DA:81,0
DA:84,25
DA:85,0
DA:86,0
DA:90,25
DA:91,0
DA:94,25
DA:95,5
DA:110,0
DA:122,0
DA:133,0
DA:145,0
DA:161,15
DA:162,0
DA:179,10
DA:185,0
DA:195,0
DA:196,0
DA:197,0
DA:207,10
DA:213,0
DA:223,0
DA:224,0
DA:225,0
DA:233,1
DA:254,20
DA:328,16
DA:341,16
DA:360,5
DA:393,0
DA:401,0
DA:409,0
DA:433,32
DA:440,32
DA:442,32
LF:68
LH:44
BRDA:20,0,0,0
BRDA:20,0,1,12
BRDA:27,1,0,12
BRDA:27,1,1,0
BRDA:28,2,0,12
BRDA:28,2,1,0
BRDA:29,3,0,12
BRDA:29,3,1,0
BRDA:30,4,0,12
BRDA:30,4,1,0
BRDA:31,5,0,12
BRDA:31,5,1,0
BRDA:32,6,0,12
BRDA:32,6,1,0
BRDA:33,7,0,12
BRDA:33,7,1,0
BRDA:42,8,0,12
BRDA:42,8,1,12
BRDA:42,9,0,0
BRDA:42,9,1,0
BRDA:43,10,0,0
BRDA:43,10,1,12
BRDA:45,11,0,0
BRDA:45,11,1,0
BRDA:53,12,0,12
BRDA:53,12,1,12
BRDA:53,12,2,0
BRDA:75,13,0,0
BRDA:75,13,1,0
BRDA:75,14,0,0
BRDA:75,14,1,0
BRDA:85,15,0,0
BRDA:85,15,1,0
BRDA:85,16,0,0
BRDA:85,16,1,0
BRDA:94,17,0,5
BRDA:94,17,1,20
BRDA:165,18,0,5
BRDA:165,18,1,10
BRDA:166,19,0,5
BRDA:166,19,1,10
BRDA:167,20,0,5
BRDA:167,20,1,10
BRDA:195,21,0,0
BRDA:195,21,1,0
BRDA:223,22,0,0
BRDA:223,22,1,0
BRDA:277,23,0,20
BRDA:277,23,1,12
BRDA:277,23,2,12
BRDA:284,24,0,20
BRDA:284,24,1,12
BRDA:287,25,0,20
BRDA:287,25,1,12
BRDA:287,26,0,8
BRDA:287,26,1,12
BRDA:294,27,0,20
BRDA:294,27,1,0
BRDA:295,28,0,20
BRDA:295,28,1,0
BRDA:296,29,0,20
BRDA:296,29,1,8
BRDA:296,29,2,20
BRDA:313,30,0,20
BRDA:313,30,1,12
BRDA:321,31,0,20
BRDA:321,31,1,8
BRDA:321,31,2,8
BRDA:334,32,0,20
BRDA:334,32,1,8
BRDA:334,32,2,8
BRDA:355,33,0,20
BRDA:355,33,1,12
BRDA:398,34,0,20
BRDA:398,34,1,0
BRDA:413,35,0,0
BRDA:413,35,1,0
BRDA:413,35,2,0
BRDA:416,36,0,0
BRDA:416,36,1,0
BRDA:417,37,0,0
BRDA:417,37,1,0
BRDA:440,38,0,32
BRDA:440,38,1,0
BRF:84
BRH:47
end_of_record
